#
# There is insufficient memory for the Java Runtime Environment to continue.
# Native memory allocation (mmap) failed to map 40370176 bytes for committing reserved memory.
# Possible reasons:
#   The system is out of physical RAM or swap space
#   In 32 bit mode, the process size limit was hit
# Possible solutions:
#   Reduce memory load on the system
#   Increase physical memory or swap space
#   Check if swap backing store is full
#   Use 64 bit Java on a 64 bit OS
#   Decrease Java heap size (-Xmx/-Xms)
#   Decrease number of Java threads
#   Decrease Java thread stack sizes (-Xss)
#   Set larger code cache with -XX:ReservedCodeCacheSize=
# This output file may be truncated or incomplete.
#
#  Out of Memory Error (os_linux.cpp:2718), pid=18244, tid=140647382103808
#
# JRE version: Java(TM) SE Runtime Environment (8.0_05-b13) (build 1.8.0_05-b13)
# Java VM: Java HotSpot(TM) 64-Bit Server VM (25.5-b02 mixed mode linux-amd64 compressed oops)
# Failed to write core dump. Core dumps have been disabled. To enable core dumping, try "ulimit -c unlimited" before starting Java again
#

---------------  T H R E A D  ---------------

Current thread (0x00007feb1c0f6000):  VMThread [stack: 0x00007feb052fb000,0x00007feb053fc000] [id=18263]

Stack: [0x00007feb052fb000,0x00007feb053fc000],  sp=0x00007feb053f9fa0,  free space=1019k
Native frames: (J=compiled Java code, j=interpreted, Vv=VM code, C=native code)
V  [libjvm.so+0xa2f43a]  VMError::report_and_die()+0x2ca
V  [libjvm.so+0x4b2d5b]  report_vm_out_of_memory(char const*, int, unsigned long, VMErrorType, char const*)+0x8b
V  [libjvm.so+0x89e443]  os::Linux::commit_memory_impl(char*, unsigned long, bool)+0x103
V  [libjvm.so+0x89e999]  os::pd_commit_memory(char*, unsigned long, unsigned long, bool)+0x29
V  [libjvm.so+0x89863a]  os::commit_memory(char*, unsigned long, unsigned long, bool)+0x2a
V  [libjvm.so+0x909243]  PSVirtualSpace::expand_by(unsigned long)+0x53
V  [libjvm.so+0x90a648]  PSYoungGen::resize_generation(unsigned long, unsigned long)+0xf8
V  [libjvm.so+0x9097a2]  PSYoungGen::resize(unsigned long, unsigned long)+0x22
V  [libjvm.so+0x906aff]  PSScavenge::invoke_no_policy()+0xf0f
V  [libjvm.so+0x907271]  PSScavenge::invoke()+0x41
V  [libjvm.so+0x8bfed0]  ParallelScavengeHeap::failed_mem_allocate(unsigned long)+0x70
V  [libjvm.so+0xa30af7]  VM_ParallelGCFailedAllocation::doit()+0x97
V  [libjvm.so+0xa38215]  VM_Operation::evaluate()+0x55
V  [libjvm.so+0xa3660a]  VMThread::evaluate_operation(VM_Operation*)+0xba
V  [libjvm.so+0xa3698e]  VMThread::loop()+0x1ce
V  [libjvm.so+0xa36e00]  VMThread::run()+0x70
V  [libjvm.so+0x8a00c8]  java_start(Thread*)+0x108

VM_Operation (0x00007feb2311fb10): ParallelGCFailedAllocation, mode: safepoint, requested by thread 0x00007feb1c00a000


---------------  P R O C E S S  ---------------

Java Threads: ( => current thread )
  0x00007feb1c136000 JavaThread "Service Thread" daemon [_thread_blocked, id=18274, stack(0x00007feb04325000,0x00007feb04426000)]
  0x00007feb1c133800 JavaThread "C1 CompilerThread1" daemon [_thread_blocked, id=18272, stack(0x00007feb04426000,0x00007feb04527000)]
  0x00007feb1c130800 JavaThread "C2 CompilerThread0" daemon [_thread_blocked, id=18271, stack(0x00007feb04527000,0x00007feb04628000)]
  0x00007feb1c12e800 JavaThread "Signal Dispatcher" daemon [_thread_blocked, id=18270, stack(0x00007feb04628000,0x00007feb04729000)]
  0x00007feb1c0ff000 JavaThread "Finalizer" daemon [_thread_blocked, id=18266, stack(0x00007feb050f9000,0x00007feb051fa000)]
  0x00007feb1c0fb000 JavaThread "Reference Handler" daemon [_thread_blocked, id=18265, stack(0x00007feb051fa000,0x00007feb052fb000)]
  0x00007feb1c00a000 JavaThread "main" [_thread_blocked, id=18257, stack(0x00007feb23021000,0x00007feb23122000)]

Other Threads:
=>0x00007feb1c0f6000 VMThread [stack: 0x00007feb052fb000,0x00007feb053fc000] [id=18263]
  0x00007feb1c13b000 WatcherThread [stack: 0x00007feb04224000,0x00007feb04325000] [id=18276]

VM state:at safepoint (normal execution)

VM Mutex/Monitor currently owned by a thread:  ([mutex/lock_event])
[0x00007feb1c006260] Threads_lock - owner thread: 0x00007feb1c0f6000
[0x00007feb1c006760] Heap_lock - owner thread: 0x00007feb1c00a000

Heap:
 PSYoungGen      total 86528K, used 11235K [0x00000000eab00000, 0x00000000f0b80000, 0x0000000100000000)
  eden space 75264K, 0% used [0x00000000eab00000,0x00000000eab00000,0x00000000ef480000)
  from space 11264K, 99% used [0x00000000ef480000,0x00000000eff78f80,0x00000000eff80000)
  to   space 10240K, 0% used [0x00000000eff80000,0x00000000eff80000,0x00000000f0980000)
 ParOldGen       total 61952K, used 40516K [0x00000000c0000000, 0x00000000c3c80000, 0x00000000eab00000)
  object space 61952K, 65% used [0x00000000c0000000,0x00000000c27913f0,0x00000000c3c80000)
 Metaspace       used 5498K, capacity 6768K, committed 7040K, reserved 1056768K
  class space    used 566K, capacity 616K, committed 640K, reserved 1048576K

Card table byte_map: [0x00007feb20076000,0x00007feb20277000] byte_map_base: 0x00007feb1fa76000

Marking Bits: (ParMarkBitMap*) 0x00007feb22510cc0
 Begin Bits: [0x00007feb06000000, 0x00007feb07000000)
 End Bits:   [0x00007feb07000000, 0x00007feb08000000)

Polling page: 0x00007feb23159000

CodeCache: size=245760Kb used=7551Kb max_used=7551Kb free=238208Kb
 bounds [0x00007feb0d000000, 0x00007feb0d770000, 0x00007feb1c000000]
 total_blobs=2172 nmethods=1915 adapters=173
 compilation: enabled

Compilation events (10 events):
Event: 7,477 Thread 0x00007feb1c133800 1967 %     3       com.android.dx.ssa.back.FirstFitLocalCombiningAllocator::getLocalItemForReg @ 15 (97 bytes)
Event: 7,477 Thread 0x00007feb1c133800 nmethod 1967% 0x00007feb0d75f590 code [0x00007feb0d75f7e0, 0x00007feb0d760778]
Event: 7,478 Thread 0x00007feb1c133800 1968       3       com.android.dx.ssa.back.FirstFitLocalCombiningAllocator::getLocalItemForReg (97 bytes)
Event: 7,478 Thread 0x00007feb1c133800 nmethod 1968 0x00007feb0d760d10 code [0x00007feb0d760f60, 0x00007feb0d761eb8]
Event: 7,488 Thread 0x00007feb1c133800 1969       2       com.android.dx.cf.code.LocalVariableList::mergeDescriptorsAndSignatures (80 bytes)
Event: 7,489 Thread 0x00007feb1c133800 nmethod 1969 0x00007feb0d762450 code [0x00007feb0d762640, 0x00007feb0d762d58]
Event: 7,587 Thread 0x00007feb1c133800 1970 %     3       java.util.HashMap$HashIterator::nextNode @ 68 (100 bytes)
Event: 7,588 Thread 0x00007feb1c133800 nmethod 1970% 0x00007feb0d763650 code [0x00007feb0d763800, 0x00007feb0d763cf8]
Event: 7,588 Thread 0x00007feb1c133800 1971       3       java.util.HashMap$HashIterator::nextNode (100 bytes)
Event: 7,588 Thread 0x00007feb1c133800 nmethod 1971 0x00007feb0d763f50 code [0x00007feb0d7640e0, 0x00007feb0d764598]

GC Heap History (10 events):
Event: 3,839 GC heap after
Heap after GC invocations=14 (full 0):
 PSYoungGen      total 37888K, used 2752K [0x00000000eab00000, 0x00000000ed500000, 0x0000000100000000)
  eden space 34304K, 0% used [0x00000000eab00000,0x00000000eab00000,0x00000000ecc80000)
  from space 3584K, 76% used [0x00000000ed080000,0x00000000ed330000,0x00000000ed400000)
  to   space 4096K, 0% used [0x00000000ecc80000,0x00000000ecc80000,0x00000000ed080000)
 ParOldGen       total 61952K, used 12482K [0x00000000c0000000, 0x00000000c3c80000, 0x00000000eab00000)
  object space 61952K, 20% used [0x00000000c0000000,0x00000000c0c30a60,0x00000000c3c80000)
 Metaspace       used 5412K, capacity 6704K, committed 6784K, reserved 1056768K
  class space    used 563K, capacity 616K, committed 640K, reserved 1048576K
}
Event: 4,363 GC heap before
{Heap before GC invocations=15 (full 0):
 PSYoungGen      total 37888K, used 37056K [0x00000000eab00000, 0x00000000ed500000, 0x0000000100000000)
  eden space 34304K, 100% used [0x00000000eab00000,0x00000000ecc80000,0x00000000ecc80000)
  from space 3584K, 76% used [0x00000000ed080000,0x00000000ed330000,0x00000000ed400000)
  to   space 4096K, 0% used [0x00000000ecc80000,0x00000000ecc80000,0x00000000ed080000)
 ParOldGen       total 61952K, used 12482K [0x00000000c0000000, 0x00000000c3c80000, 0x00000000eab00000)
  object space 61952K, 20% used [0x00000000c0000000,0x00000000c0c30a60,0x00000000c3c80000)
 Metaspace       used 5416K, capacity 6704K, committed 6784K, reserved 1056768K
  class space    used 563K, capacity 616K, committed 640K, reserved 1048576K
Event: 4,408 GC heap after
Heap after GC invocations=15 (full 0):
 PSYoungGen      total 38400K, used 4064K [0x00000000eab00000, 0x00000000eec00000, 0x0000000100000000)
  eden space 34304K, 0% used [0x00000000eab00000,0x00000000eab00000,0x00000000ecc80000)
  from space 4096K, 99% used [0x00000000ecc80000,0x00000000ed078010,0x00000000ed080000)
  to   space 5632K, 0% used [0x00000000ee680000,0x00000000ee680000,0x00000000eec00000)
 ParOldGen       total 61952K, used 15810K [0x00000000c0000000, 0x00000000c3c80000, 0x00000000eab00000)
  object space 61952K, 25% used [0x00000000c0000000,0x00000000c0f709d0,0x00000000c3c80000)
 Metaspace       used 5416K, capacity 6704K, committed 6784K, reserved 1056768K
  class space    used 563K, capacity 616K, committed 640K, reserved 1048576K
}
Event: 4,963 GC heap before
{Heap before GC invocations=16 (full 0):
 PSYoungGen      total 38400K, used 38368K [0x00000000eab00000, 0x00000000eec00000, 0x0000000100000000)
  eden space 34304K, 100% used [0x00000000eab00000,0x00000000ecc80000,0x00000000ecc80000)
  from space 4096K, 99% used [0x00000000ecc80000,0x00000000ed078010,0x00000000ed080000)
  to   space 5632K, 0% used [0x00000000ee680000,0x00000000ee680000,0x00000000eec00000)
 ParOldGen       total 61952K, used 15810K [0x00000000c0000000, 0x00000000c3c80000, 0x00000000eab00000)
  object space 61952K, 25% used [0x00000000c0000000,0x00000000c0f709d0,0x00000000c3c80000)
 Metaspace       used 5473K, capacity 6704K, committed 6784K, reserved 1056768K
  class space    used 566K, capacity 616K, committed 640K, reserved 1048576K
Event: 5,002 GC heap after
Heap after GC invocations=16 (full 0):
 PSYoungGen      total 59904K, used 5600K [0x00000000eab00000, 0x00000000eee00000, 0x0000000100000000)
  eden space 54272K, 0% used [0x00000000eab00000,0x00000000eab00000,0x00000000ee000000)
  from space 5632K, 99% used [0x00000000ee680000,0x00000000eebf8000,0x00000000eec00000)
  to   space 6656K, 0% used [0x00000000ee000000,0x00000000ee000000,0x00000000ee680000)
 ParOldGen       total 61952K, used 19833K [0x00000000c0000000, 0x00000000c3c80000, 0x00000000eab00000)
  object space 61952K, 32% used [0x00000000c0000000,0x00000000c135e6b0,0x00000000c3c80000)
 Metaspace       used 5473K, capacity 6704K, committed 6784K, reserved 1056768K
  class space    used 566K, capacity 616K, committed 640K, reserved 1048576K
}
Event: 5,544 GC heap before
{Heap before GC invocations=17 (full 0):
 PSYoungGen      total 59904K, used 59872K [0x00000000eab00000, 0x00000000eee00000, 0x0000000100000000)
  eden space 54272K, 100% used [0x00000000eab00000,0x00000000ee000000,0x00000000ee000000)
  from space 5632K, 99% used [0x00000000ee680000,0x00000000eebf8000,0x00000000eec00000)
  to   space 6656K, 0% used [0x00000000ee000000,0x00000000ee000000,0x00000000ee680000)
 ParOldGen       total 61952K, used 19833K [0x00000000c0000000, 0x00000000c3c80000, 0x00000000eab00000)
  object space 61952K, 32% used [0x00000000c0000000,0x00000000c135e6b0,0x00000000c3c80000)
 Metaspace       used 5483K, capacity 6768K, committed 7040K, reserved 1056768K
  class space    used 566K, capacity 616K, committed 640K, reserved 1048576K
Event: 5,592 GC heap after
Heap after GC invocations=17 (full 0):
 PSYoungGen      total 60928K, used 6639K [0x00000000eab00000, 0x00000000f0980000, 0x0000000100000000)
  eden space 54272K, 0% used [0x00000000eab00000,0x00000000eab00000,0x00000000ee000000)
  from space 6656K, 99% used [0x00000000ee000000,0x00000000ee67bd20,0x00000000ee680000)
  to   space 10240K, 0% used [0x00000000eff80000,0x00000000eff80000,0x00000000f0980000)
 ParOldGen       total 61952K, used 26054K [0x00000000c0000000, 0x00000000c3c80000, 0x00000000eab00000)
  object space 61952K, 42% used [0x00000000c0000000,0x00000000c1971ba0,0x00000000c3c80000)
 Metaspace       used 5483K, capacity 6768K, committed 7040K, reserved 1056768K
  class space    used 566K, capacity 616K, committed 640K, reserved 1048576K
}
Event: 6,239 GC heap before
{Heap before GC invocations=18 (full 0):
 PSYoungGen      total 60928K, used 60911K [0x00000000eab00000, 0x00000000f0980000, 0x0000000100000000)
  eden space 54272K, 100% used [0x00000000eab00000,0x00000000ee000000,0x00000000ee000000)
  from space 6656K, 99% used [0x00000000ee000000,0x00000000ee67bd20,0x00000000ee680000)
  to   space 10240K, 0% used [0x00000000eff80000,0x00000000eff80000,0x00000000f0980000)
 ParOldGen       total 61952K, used 26054K [0x00000000c0000000, 0x00000000c3c80000, 0x00000000eab00000)
  object space 61952K, 42% used [0x00000000c0000000,0x00000000c1971ba0,0x00000000c3c80000)
 Metaspace       used 5494K, capacity 6768K, committed 7040K, reserved 1056768K
  class space    used 566K, capacity 616K, committed 640K, reserved 1048576K
Event: 6,317 GC heap after
Heap after GC invocations=18 (full 0):
 PSYoungGen      total 85504K, used 8671K [0x00000000eab00000, 0x00000000f0b80000, 0x0000000100000000)
  eden space 75264K, 0% used [0x00000000eab00000,0x00000000eab00000,0x00000000ef480000)
  from space 10240K, 84% used [0x00000000eff80000,0x00000000f07f7c10,0x00000000f0980000)
  to   space 11264K, 0% used [0x00000000ef480000,0x00000000ef480000,0x00000000eff80000)
 ParOldGen       total 61952K, used 32693K [0x00000000c0000000, 0x00000000c3c80000, 0x00000000eab00000)
  object space 61952K, 52% used [0x00000000c0000000,0x00000000c1fed418,0x00000000c3c80000)
 Metaspace       used 5494K, capacity 6768K, committed 7040K, reserved 1056768K
  class space    used 566K, capacity 616K, committed 640K, reserved 1048576K
}
Event: 7,618 GC heap before
{Heap before GC invocations=19 (full 0):
 PSYoungGen      total 85504K, used 83935K [0x00000000eab00000, 0x00000000f0b80000, 0x0000000100000000)
  eden space 75264K, 100% used [0x00000000eab00000,0x00000000ef480000,0x00000000ef480000)
  from space 10240K, 84% used [0x00000000eff80000,0x00000000f07f7c10,0x00000000f0980000)
  to   space 11264K, 0% used [0x00000000ef480000,0x00000000ef480000,0x00000000eff80000)
 ParOldGen       total 61952K, used 32693K [0x00000000c0000000, 0x00000000c3c80000, 0x00000000eab00000)
  object space 61952K, 52% used [0x00000000c0000000,0x00000000c1fed418,0x00000000c3c80000)
 Metaspace       used 5498K, capacity 6768K, committed 7040K, reserved 1056768K
  class space    used 566K, capacity 616K, committed 640K, reserved 1048576K

Deoptimization events (10 events):
Event: 2,468 Thread 0x00007feb1c00a000 Uncommon trap: reason=null_check action=make_not_entrant pc=0x00007feb0d40be2c method=com.android.dx.ssa.SsaRenamer.getLocalForNewReg(I)Lcom/android/dx/rop/code/LocalItem; @ 19
Event: 2,612 Thread 0x00007feb1c00a000 Uncommon trap: reason=null_check action=make_not_entrant pc=0x00007feb0d42d010 method=com.android.dx.rop.type.Type.equals(Ljava/lang/Object;)Z @ 8
Event: 3,577 Thread 0x00007feb1c00a000 Uncommon trap: reason=unreached action=reinterpret pc=0x00007feb0d4bebe8 method=java.util.HashMap.getNode(ILjava/lang/Object;)Ljava/util/HashMap$Node; @ 84
Event: 3,578 Thread 0x00007feb1c00a000 Uncommon trap: reason=unreached action=reinterpret pc=0x00007feb0d491044 method=java.util.HashMap.getNode(ILjava/lang/Object;)Ljava/util/HashMap$Node; @ 84
Event: 3,578 Thread 0x00007feb1c00a000 Uncommon trap: reason=unreached action=reinterpret pc=0x00007feb0d22e070 method=java.util.HashMap.getNode(ILjava/lang/Object;)Ljava/util/HashMap$Node; @ 84
Event: 3,586 Thread 0x00007feb1c00a000 Uncommon trap: reason=bimorphic action=maybe_recompile pc=0x00007feb0d2031e8 method=java.util.HashMap.getNode(ILjava/lang/Object;)Ljava/util/HashMap$Node; @ 126
Event: 3,586 Thread 0x00007feb1c00a000 Uncommon trap: reason=bimorphic action=maybe_recompile pc=0x00007feb0d2031e8 method=java.util.HashMap.getNode(ILjava/lang/Object;)Ljava/util/HashMap$Node; @ 126
Event: 3,586 Thread 0x00007feb1c00a000 Uncommon trap: reason=bimorphic action=maybe_recompile pc=0x00007feb0d2031e8 method=java.util.HashMap.getNode(ILjava/lang/Object;)Ljava/util/HashMap$Node; @ 126
Event: 3,586 Thread 0x00007feb1c00a000 Uncommon trap: reason=bimorphic action=maybe_recompile pc=0x00007feb0d2031e8 method=java.util.HashMap.getNode(ILjava/lang/Object;)Ljava/util/HashMap$Node; @ 126
Event: 5,169 Thread 0x00007feb1c00a000 Uncommon trap: reason=unreached action=reinterpret pc=0x00007feb0d642124 method=java.util.HashMap.putVal(ILjava/lang/Object;Ljava/lang/Object;ZZ)Ljava/lang/Object; @ 109

Internal exceptions (10 events):
Event: 3,228 Thread 0x00007feb1c00a000 Exception <a 'java/security/PrivilegedActionException'> (0x00000000eac02778) thrown at [/HUDSON/workspace/8-2-build-linux-amd64/jdk8u5/2488/hotspot/src/share/vm/prims/jvm.cpp, line 1248]
Event: 3,513 Thread 0x00007feb1c00a000 Exception <a 'java/security/PrivilegedActionException'> (0x00000000eb3e83b8) thrown at [/HUDSON/workspace/8-2-build-linux-amd64/jdk8u5/2488/hotspot/src/share/vm/prims/jvm.cpp, line 1248]
Event: 3,574 Thread 0x00007feb1c00a000 Exception <a 'java/lang/ArrayIndexOutOfBoundsException': 18> (0x00000000eb873970) thrown at [/HUDSON/workspace/8-2-build-linux-amd64/jdk8u5/2488/hotspot/src/share/vm/interpreter/interpreterRuntime.cpp, line 337]
Event: 3,575 Thread 0x00007feb1c00a000 Exception <a 'java/lang/ArrayIndexOutOfBoundsException': 145> (0x00000000eb875408) thrown at [/HUDSON/workspace/8-2-build-linux-amd64/jdk8u5/2488/hotspot/src/share/vm/interpreter/interpreterRuntime.cpp, line 337]
Event: 3,576 Thread 0x00007feb1c00a000 Exception <a 'java/lang/ArrayIndexOutOfBoundsException'> (0x00000000eb876620) thrown at [/HUDSON/workspace/8-2-build-linux-amd64/jdk8u5/2488/hotspot/src/share/vm/runtime/sharedRuntime.cpp, line 595]
Event: 4,748 Thread 0x00007feb1c00a000 Exception <a 'java/security/PrivilegedActionException'> (0x00000000ebc30dc8) thrown at [/HUDSON/workspace/8-2-build-linux-amd64/jdk8u5/2488/hotspot/src/share/vm/prims/jvm.cpp, line 1248]
Event: 4,749 Thread 0x00007feb1c00a000 Exception <a 'java/security/PrivilegedActionException'> (0x00000000ebc331d0) thrown at [/HUDSON/workspace/8-2-build-linux-amd64/jdk8u5/2488/hotspot/src/share/vm/prims/jvm.cpp, line 1248]
Event: 4,754 Thread 0x00007feb1c00a000 Exception <a 'java/security/PrivilegedActionException'> (0x00000000ebc6bd98) thrown at [/HUDSON/workspace/8-2-build-linux-amd64/jdk8u5/2488/hotspot/src/share/vm/prims/jvm.cpp, line 1248]
Event: 4,755 Thread 0x00007feb1c00a000 Exception <a 'java/security/PrivilegedActionException'> (0x00000000ebc70b20) thrown at [/HUDSON/workspace/8-2-build-linux-amd64/jdk8u5/2488/hotspot/src/share/vm/prims/jvm.cpp, line 1248]
Event: 4,756 Thread 0x00007feb1c00a000 Exception <a 'java/security/PrivilegedActionException'> (0x00000000ebc75488) thrown at [/HUDSON/workspace/8-2-build-linux-amd64/jdk8u5/2488/hotspot/src/share/vm/prims/jvm.cpp, line 1248]

Events (10 events):
Event: 7,070 Thread 0x00007feb1c00a000 DEOPT UNPACKING pc=0x00007feb0d04701a sp=0x00007feb2311f1c0 mode 0
Event: 7,315 Thread 0x00007feb1c00a000 DEOPT PACKING pc=0x00007feb0d41f028 sp=0x00007feb2311fbb0
Event: 7,316 Thread 0x00007feb1c00a000 DEOPT UNPACKING pc=0x00007feb0d04701a sp=0x00007feb2311f948 mode 0
Event: 7,345 Thread 0x00007feb1c00a000 DEOPT PACKING pc=0x00007feb0d336736 sp=0x00007feb2311f940
Event: 7,345 Thread 0x00007feb1c00a000 DEOPT UNPACKING pc=0x00007feb0d04701a sp=0x00007feb2311f738 mode 0
Event: 7,479 Thread 0x00007feb1c00a000 DEOPT PACKING pc=0x00007feb0d54f36f sp=0x00007feb2311f990
Event: 7,479 Thread 0x00007feb1c00a000 DEOPT UNPACKING pc=0x00007feb0d04701a sp=0x00007feb2311f730 mode 0
Event: 7,588 Thread 0x00007feb1c00a000 DEOPT PACKING pc=0x00007feb0d45d502 sp=0x00007feb2311f830
Event: 7,588 Thread 0x00007feb1c00a000 DEOPT UNPACKING pc=0x00007feb0d04701a sp=0x00007feb2311f580 mode 0
Event: 7,617 Executing VM operation: ParallelGCFailedAllocation


Dynamic libraries:
00400000-00401000 r-xp 00000000 08:01 524338                             /opt/jdk1.8.0_05/bin/java
00600000-00601000 rw-p 00000000 08:01 524338                             /opt/jdk1.8.0_05/bin/java
01e1b000-01e3c000 rw-p 00000000 00:00 0                                  [heap]
c0000000-c3c80000 rw-p 00000000 00:00 0 
c3c80000-eab00000 ---p 00000000 00:00 0 
eab00000-f0b80000 rw-p 00000000 00:00 0 
f3200000-100000000 ---p 00000000 00:00 0 
100000000-1000a0000 rw-p 00000000 00:00 0 
1000a0000-140000000 ---p 00000000 00:00 0 
7feadc000000-7feadc021000 rw-p 00000000 00:00 0 
7feadc021000-7feae0000000 ---p 00000000 00:00 0 
7feae4000000-7feae462b000 rw-p 00000000 00:00 0 
7feae462b000-7feae8000000 ---p 00000000 00:00 0 
7feae8000000-7feae8021000 rw-p 00000000 00:00 0 
7feae8021000-7feaec000000 ---p 00000000 00:00 0 
7feaec000000-7feaec021000 rw-p 00000000 00:00 0 
7feaec021000-7feaf0000000 ---p 00000000 00:00 0 
7feaf0000000-7feaf0bb4000 rw-p 00000000 00:00 0 
7feaf0bb4000-7feaf4000000 ---p 00000000 00:00 0 
7feaf4000000-7feaf4021000 rw-p 00000000 00:00 0 
7feaf4021000-7feaf8000000 ---p 00000000 00:00 0 
7feaf8000000-7feaf8021000 rw-p 00000000 00:00 0 
7feaf8021000-7feafc000000 ---p 00000000 00:00 0 
7feafc000000-7feafc271000 rw-p 00000000 00:00 0 
7feafc271000-7feb00000000 ---p 00000000 00:00 0 
7feb00000000-7feb00021000 rw-p 00000000 00:00 0 
7feb00021000-7feb04000000 ---p 00000000 00:00 0 
7feb041fe000-7feb04224000 r--p 00000000 08:01 12589966                   /usr/share/locale-langpack/de/LC_MESSAGES/libc.mo
7feb04224000-7feb04225000 ---p 00000000 00:00 0 
7feb04225000-7feb04325000 rw-p 00000000 00:00 0                          [stack:18276]
7feb04325000-7feb04328000 ---p 00000000 00:00 0 
7feb04328000-7feb04426000 rw-p 00000000 00:00 0                          [stack:18274]
7feb04426000-7feb04429000 ---p 00000000 00:00 0 
7feb04429000-7feb04527000 rw-p 00000000 00:00 0                          [stack:18272]
7feb04527000-7feb0452a000 ---p 00000000 00:00 0 
7feb0452a000-7feb04628000 rw-p 00000000 00:00 0                          [stack:18271]
7feb04628000-7feb0462b000 ---p 00000000 00:00 0 
7feb0462b000-7feb04729000 rw-p 00000000 00:00 0                          [stack:18270]
7feb04729000-7feb050f9000 r--p 00000000 08:01 8407776                    /usr/lib/locale/locale-archive
7feb050f9000-7feb050fc000 ---p 00000000 00:00 0 
7feb050fc000-7feb051fa000 rw-p 00000000 00:00 0                          [stack:18266]
7feb051fa000-7feb051fd000 ---p 00000000 00:00 0 
7feb051fd000-7feb052fb000 rw-p 00000000 00:00 0                          [stack:18265]
7feb052fb000-7feb052fc000 ---p 00000000 00:00 0 
7feb052fc000-7feb05e40000 rw-p 00000000 00:00 0                          [stack:18263]
7feb05e40000-7feb06000000 ---p 00000000 00:00 0 
7feb06000000-7feb08000000 rw-p 00000000 00:00 0 
7feb08000000-7feb08021000 rw-p 00000000 00:00 0 
7feb08021000-7feb0c000000 ---p 00000000 00:00 0 
7feb0c00e000-7feb0c513000 rw-p 00000000 00:00 0 
7feb0c513000-7feb0c6e8000 r--s 03c4d000 08:01 525741                     /opt/jdk1.8.0_05/jre/lib/rt.jar
7feb0c6e8000-7feb0c8e8000 rw-p 00000000 00:00 0 
7feb0c8e8000-7feb0c8e9000 ---p 00000000 00:00 0 
7feb0c8e9000-7feb0c9e9000 rw-p 00000000 00:00 0                          [stack:18261]
7feb0c9e9000-7feb0c9ea000 ---p 00000000 00:00 0 
7feb0c9ea000-7feb0cb09000 rw-p 00000000 00:00 0                          [stack:18259]
7feb0cb09000-7feb0cc40000 ---p 00000000 00:00 0 
7feb0cc40000-7feb0cc5e000 rw-p 00000000 00:00 0 
7feb0cc5e000-7feb0d000000 ---p 00000000 00:00 0 
7feb0d000000-7feb0d770000 rwxp 00000000 00:00 0 
7feb0d770000-7feb1c000000 ---p 00000000 00:00 0 
7feb1c000000-7feb1c3f6000 rw-p 00000000 00:00 0 
7feb1c3f6000-7feb20000000 ---p 00000000 00:00 0 
7feb20000000-7feb20095000 rw-p 00000000 00:00 0 
7feb20095000-7feb201cb000 ---p 00000000 00:00 0 
7feb201cb000-7feb201fc000 rw-p 00000000 00:00 0 
7feb201fc000-7feb20276000 ---p 00000000 00:00 0 
7feb20276000-7feb20277000 rw-p 00000000 00:00 0 
7feb20277000-7feb20293000 r-xp 00000000 08:01 525935                     /opt/jdk1.8.0_05/jre/lib/amd64/libzip.so
7feb20293000-7feb20492000 ---p 0001c000 08:01 525935                     /opt/jdk1.8.0_05/jre/lib/amd64/libzip.so
7feb20492000-7feb20493000 rw-p 0001b000 08:01 525935                     /opt/jdk1.8.0_05/jre/lib/amd64/libzip.so
7feb20493000-7feb2049e000 r-xp 00000000 08:01 16002795                   /lib/x86_64-linux-gnu/libnss_files-2.19.so
7feb2049e000-7feb2069d000 ---p 0000b000 08:01 16002795                   /lib/x86_64-linux-gnu/libnss_files-2.19.so
7feb2069d000-7feb2069e000 r--p 0000a000 08:01 16002795                   /lib/x86_64-linux-gnu/libnss_files-2.19.so
7feb2069e000-7feb2069f000 rw-p 0000b000 08:01 16002795                   /lib/x86_64-linux-gnu/libnss_files-2.19.so
7feb2069f000-7feb206aa000 r-xp 00000000 08:01 16002792                   /lib/x86_64-linux-gnu/libnss_nis-2.19.so
7feb206aa000-7feb208a9000 ---p 0000b000 08:01 16002792                   /lib/x86_64-linux-gnu/libnss_nis-2.19.so
7feb208a9000-7feb208aa000 r--p 0000a000 08:01 16002792                   /lib/x86_64-linux-gnu/libnss_nis-2.19.so
7feb208aa000-7feb208ab000 rw-p 0000b000 08:01 16002792                   /lib/x86_64-linux-gnu/libnss_nis-2.19.so
7feb208ab000-7feb208c2000 r-xp 00000000 08:01 16002786                   /lib/x86_64-linux-gnu/libnsl-2.19.so
7feb208c2000-7feb20ac1000 ---p 00017000 08:01 16002786                   /lib/x86_64-linux-gnu/libnsl-2.19.so
7feb20ac1000-7feb20ac2000 r--p 00016000 08:01 16002786                   /lib/x86_64-linux-gnu/libnsl-2.19.so
7feb20ac2000-7feb20ac3000 rw-p 00017000 08:01 16002786                   /lib/x86_64-linux-gnu/libnsl-2.19.so
7feb20ac3000-7feb20ac5000 rw-p 00000000 00:00 0 
7feb20ac5000-7feb20ace000 r-xp 00000000 08:01 16002783                   /lib/x86_64-linux-gnu/libnss_compat-2.19.so
7feb20ace000-7feb20ccd000 ---p 00009000 08:01 16002783                   /lib/x86_64-linux-gnu/libnss_compat-2.19.so
7feb20ccd000-7feb20cce000 r--p 00008000 08:01 16002783                   /lib/x86_64-linux-gnu/libnss_compat-2.19.so
7feb20cce000-7feb20ccf000 rw-p 00009000 08:01 16002783                   /lib/x86_64-linux-gnu/libnss_compat-2.19.so
7feb20ccf000-7feb20cf9000 r-xp 00000000 08:01 525930                     /opt/jdk1.8.0_05/jre/lib/amd64/libjava.so
7feb20cf9000-7feb20ef9000 ---p 0002a000 08:01 525930                     /opt/jdk1.8.0_05/jre/lib/amd64/libjava.so
7feb20ef9000-7feb20efb000 rw-p 0002a000 08:01 525930                     /opt/jdk1.8.0_05/jre/lib/amd64/libjava.so
7feb20efb000-7feb20f08000 r-xp 00000000 08:01 525934                     /opt/jdk1.8.0_05/jre/lib/amd64/libverify.so
7feb20f08000-7feb21108000 ---p 0000d000 08:01 525934                     /opt/jdk1.8.0_05/jre/lib/amd64/libverify.so
7feb21108000-7feb2110a000 rw-p 0000d000 08:01 525934                     /opt/jdk1.8.0_05/jre/lib/amd64/libverify.so
7feb2110a000-7feb21111000 r-xp 00000000 08:01 16002778                   /lib/x86_64-linux-gnu/librt-2.19.so
7feb21111000-7feb21310000 ---p 00007000 08:01 16002778                   /lib/x86_64-linux-gnu/librt-2.19.so
7feb21310000-7feb21311000 r--p 00006000 08:01 16002778                   /lib/x86_64-linux-gnu/librt-2.19.so
7feb21311000-7feb21312000 rw-p 00007000 08:01 16002778                   /lib/x86_64-linux-gnu/librt-2.19.so
7feb21312000-7feb21417000 r-xp 00000000 08:01 16002785                   /lib/x86_64-linux-gnu/libm-2.19.so
7feb21417000-7feb21616000 ---p 00105000 08:01 16002785                   /lib/x86_64-linux-gnu/libm-2.19.so
7feb21616000-7feb21617000 r--p 00104000 08:01 16002785                   /lib/x86_64-linux-gnu/libm-2.19.so
7feb21617000-7feb21618000 rw-p 00105000 08:01 16002785                   /lib/x86_64-linux-gnu/libm-2.19.so
7feb21618000-7feb22232000 r-xp 00000000 08:01 525916                     /opt/jdk1.8.0_05/jre/lib/amd64/server/libjvm.so
7feb22232000-7feb22431000 ---p 00c1a000 08:01 525916                     /opt/jdk1.8.0_05/jre/lib/amd64/server/libjvm.so
7feb22431000-7feb224fa000 rw-p 00c19000 08:01 525916                     /opt/jdk1.8.0_05/jre/lib/amd64/server/libjvm.so
7feb224fa000-7feb2253b000 rw-p 00000000 00:00 0 
7feb2253b000-7feb226f6000 r-xp 00000000 08:01 16002777                   /lib/x86_64-linux-gnu/libc-2.19.so
7feb226f6000-7feb228f6000 ---p 001bb000 08:01 16002777                   /lib/x86_64-linux-gnu/libc-2.19.so
7feb228f6000-7feb228fa000 r--p 001bb000 08:01 16002777                   /lib/x86_64-linux-gnu/libc-2.19.so
7feb228fa000-7feb228fc000 rw-p 001bf000 08:01 16002777                   /lib/x86_64-linux-gnu/libc-2.19.so
7feb228fc000-7feb22901000 rw-p 00000000 00:00 0 
7feb22901000-7feb22904000 r-xp 00000000 08:01 16002781                   /lib/x86_64-linux-gnu/libdl-2.19.so
7feb22904000-7feb22b03000 ---p 00003000 08:01 16002781                   /lib/x86_64-linux-gnu/libdl-2.19.so
7feb22b03000-7feb22b04000 r--p 00002000 08:01 16002781                   /lib/x86_64-linux-gnu/libdl-2.19.so
7feb22b04000-7feb22b05000 rw-p 00003000 08:01 16002781                   /lib/x86_64-linux-gnu/libdl-2.19.so
7feb22b05000-7feb22b1c000 r-xp 00000000 08:01 525557                     /opt/jdk1.8.0_05/lib/amd64/jli/libjli.so
7feb22b1c000-7feb22d1b000 ---p 00017000 08:01 525557                     /opt/jdk1.8.0_05/lib/amd64/jli/libjli.so
7feb22d1b000-7feb22d1c000 rw-p 00016000 08:01 525557                     /opt/jdk1.8.0_05/lib/amd64/jli/libjli.so
7feb22d1c000-7feb22d35000 r-xp 00000000 08:01 16002794                   /lib/x86_64-linux-gnu/libpthread-2.19.so
7feb22d35000-7feb22f34000 ---p 00019000 08:01 16002794                   /lib/x86_64-linux-gnu/libpthread-2.19.so
7feb22f34000-7feb22f35000 r--p 00018000 08:01 16002794                   /lib/x86_64-linux-gnu/libpthread-2.19.so
7feb22f35000-7feb22f36000 rw-p 00019000 08:01 16002794                   /lib/x86_64-linux-gnu/libpthread-2.19.so
7feb22f36000-7feb22f3a000 rw-p 00000000 00:00 0 
7feb22f3a000-7feb22f5d000 r-xp 00000000 08:01 15991001                   /lib/x86_64-linux-gnu/ld-2.19.so
7feb22f67000-7feb22f77000 r--s 000a9000 00:26 5529902                    /home/mblank/AndroidstudioProjects/ItopEnterprise/app/build/intermediates/exploded-aar/com.android.support/support-v4/21.0.0/classes.jar
7feb22f77000-7feb23021000 rw-p 00000000 00:00 0 
7feb23021000-7feb23024000 ---p 00000000 00:00 0 
7feb23024000-7feb23127000 rw-p 00000000 00:00 0                          [stack:18257]
7feb23127000-7feb2312e000 r--s 00000000 08:01 8931252                    /usr/lib/x86_64-linux-gnu/gconv/gconv-modules.cache
7feb2312e000-7feb2313c000 r--s 000b4000 08:01 2884729                    /opt/android-sdk/build-tools/20.0.0/lib/dx.jar
7feb2313c000-7feb23150000 rw-p 00000000 00:00 0 
7feb23150000-7feb23158000 rw-s 00000000 00:13 2131517                    /tmp/hsperfdata_mblank/18244
7feb23158000-7feb23159000 rw-p 00000000 00:00 0 
7feb23159000-7feb2315a000 ---p 00000000 00:00 0 
7feb2315a000-7feb2315c000 rw-p 00000000 00:00 0 
7feb2315c000-7feb2315d000 r--p 00022000 08:01 15991001                   /lib/x86_64-linux-gnu/ld-2.19.so
7feb2315d000-7feb2315e000 rw-p 00023000 08:01 15991001                   /lib/x86_64-linux-gnu/ld-2.19.so
7feb2315e000-7feb2315f000 rw-p 00000000 00:00 0 
7fff31523000-7fff31545000 rw-p 00000000 00:00 0                          [stack]
7fff315fe000-7fff31600000 r-xp 00000000 00:00 0                          [vdso]
ffffffffff600000-ffffffffff601000 r-xp 00000000 00:00 0                  [vsyscall]

VM Arguments:
jvm_args: -Xmx1024M 
java_command: /opt/android-sdk/build-tools/20.0.0/lib/dx.jar --dex --output /home/mblank/AndroidstudioProjects/ItopEnterprise/app/build/intermediates/pre-dexed/debug/classes-397ca811a2e70ebb05b221605d9851f23fd58d0d.jar /home/mblank/AndroidstudioProjects/ItopEnterprise/app/build/intermediates/exploded-aar/com.android.support/support-v4/21.0.0/classes.jar
java_class_path (initial): /opt/android-sdk/build-tools/20.0.0/lib/dx.jar
Launcher Type: SUN_STANDARD

Environment Variables:
CLASSPATH=/opt/android-studio/bin/../lib/bootstrap.jar:/opt/android-studio/bin/../lib/extensions.jar:/opt/android-studio/bin/../lib/util.jar:/opt/android-studio/bin/../lib/jdom.jar:/opt/android-studio/bin/../lib/log4j.jar:/opt/android-studio/bin/../lib/trove4j.jar:/opt/android-studio/bin/../lib/jna.jar:/opt/jdk1.8.0_05/lib/tools.jar
PATH=/home/mblank/bin:/usr/local/sbin:/usr/local/bin:/usr/sbin:/usr/bin:/sbin:/bin:/usr/games:/usr/local/games:/opt/android-sdk/tools:/opt/android-sdk/platform-tools/:/home/mblank/fdroid/fdroidserver/:/opt/android-studio/bin/
LD_LIBRARY_PATH=/opt/android-studio/bin:
SHELL=/bin/bash
DISPLAY=:0

Signal Handlers:
SIGSEGV: [libjvm.so+0xa2fc90], sa_mask[0]=0x7ffbfeff, sa_flags=0x10000004
SIGBUS: [libjvm.so+0xa2fc90], sa_mask[0]=0x7ffbfeff, sa_flags=0x10000004
SIGFPE: [libjvm.so+0x89b4b0], sa_mask[0]=0x7ffbfeff, sa_flags=0x10000004
SIGPIPE: [libjvm.so+0x89b4b0], sa_mask[0]=0x7ffbfeff, sa_flags=0x10000004
SIGXFSZ: [libjvm.so+0x89b4b0], sa_mask[0]=0x7ffbfeff, sa_flags=0x10000004
SIGILL: [libjvm.so+0x89b4b0], sa_mask[0]=0x7ffbfeff, sa_flags=0x10000004
SIGUSR1: SIG_DFL, sa_mask[0]=0x00000000, sa_flags=0x00000000
SIGUSR2: [libjvm.so+0x89cc50], sa_mask[0]=0x00000004, sa_flags=0x10000004
SIGHUP: [libjvm.so+0x89df00], sa_mask[0]=0x7ffbfeff, sa_flags=0x10000004
SIGINT: [libjvm.so+0x89df00], sa_mask[0]=0x7ffbfeff, sa_flags=0x10000004
SIGTERM: [libjvm.so+0x89df00], sa_mask[0]=0x7ffbfeff, sa_flags=0x10000004
SIGQUIT: [libjvm.so+0x89df00], sa_mask[0]=0x7ffbfeff, sa_flags=0x10000004


---------------  S Y S T E M  ---------------

OS:DISTRIB_ID=Ubuntu
DISTRIB_RELEASE=14.04
DISTRIB_CODENAME=trusty
DISTRIB_DESCRIPTION="Ubuntu 14.04.2 LTS"

uname:Linux 3.13.0-45-generic #74-Ubuntu SMP Tue Jan 13 19:36:28 UTC 2015 x86_64
libc:glibc 2.19 NPTL 2.19 
rlimit: STACK 8192k, CORE 0k, NPROC 30850, NOFILE 4096, AS infinity
load average:8,15 3,29 1,83

/proc/meminfo:
MemTotal:        3978136 kB
MemFree:          102572 kB
Buffers:             548 kB
Cached:            82328 kB
SwapCached:            0 kB
Active:          3542388 kB
Inactive:          80588 kB
Active(anon):    3541624 kB
Inactive(anon):    64848 kB
Active(file):        764 kB
Inactive(file):    15740 kB
Unevictable:          68 kB
Mlocked:              68 kB
SwapTotal:             0 kB
SwapFree:              0 kB
Dirty:               148 kB
Writeback:             0 kB
AnonPages:       3540384 kB
Mapped:           128292 kB
Shmem:             66156 kB
Slab:              90768 kB
SReclaimable:      36740 kB
SUnreclaim:        54028 kB
KernelStack:        4872 kB
PageTables:        42108 kB
NFS_Unstable:          0 kB
Bounce:                0 kB
WritebackTmp:          0 kB
CommitLimit:     1989068 kB
Committed_AS:    7378924 kB
VmallocTotal:   34359738367 kB
VmallocUsed:      111984 kB
VmallocChunk:   34359622140 kB
HardwareCorrupted:     0 kB
AnonHugePages:   1683456 kB
HugePages_Total:       0
HugePages_Free:        0
HugePages_Rsvd:        0
HugePages_Surp:        0
Hugepagesize:       2048 kB
DirectMap4k:      302796 kB
DirectMap2M:     3821568 kB


CPU:total 2 (2 cores per cpu, 1 threads per core) family 6 model 23 stepping 10, cmov, cx8, fxsr, mmx, sse, sse2, sse3, ssse3, sse4.1, tsc

/proc/cpuinfo:
processor	: 0
vendor_id	: GenuineIntel
cpu family	: 6
model		: 23
model name	: Intel(R) Core(TM)2 Duo CPU     E8400  @ 3.00GHz
stepping	: 10
microcode	: 0xa07
cpu MHz		: 3000.000
cache size	: 6144 KB
physical id	: 0
siblings	: 2
core id		: 0
cpu cores	: 2
apicid		: 0
initial apicid	: 0
fpu		: yes
fpu_exception	: yes
cpuid level	: 13
wp		: yes
flags		: fpu vme de pse tsc msr pae mce cx8 apic sep mtrr pge mca cmov pat pse36 clflush dts acpi mmx fxsr sse sse2 ss ht tm pbe syscall nx lm constant_tsc arch_perfmon pebs bts rep_good nopl aperfmperf pni dtes64 monitor ds_cpl vmx smx est tm2 ssse3 cx16 xtpr pdcm sse4_1 xsave lahf_lm dtherm tpr_shadow vnmi flexpriority
bogomips	: 5985.01
clflush size	: 64
cache_alignment	: 64
address sizes	: 36 bits physical, 48 bits virtual
power management:

processor	: 1
vendor_id	: GenuineIntel
cpu family	: 6
model		: 23
model name	: Intel(R) Core(TM)2 Duo CPU     E8400  @ 3.00GHz
stepping	: 10
microcode	: 0xa07
cpu MHz		: 3000.000
cache size	: 6144 KB
physical id	: 0
siblings	: 2
core id		: 1
cpu cores	: 2
apicid		: 1
initial apicid	: 1
fpu		: yes
fpu_exception	: yes
cpuid level	: 13
wp		: yes
flags		: fpu vme de pse tsc msr pae mce cx8 apic sep mtrr pge mca cmov pat pse36 clflush dts acpi mmx fxsr sse sse2 ss ht tm pbe syscall nx lm constant_tsc arch_perfmon pebs bts rep_good nopl aperfmperf pni dtes64 monitor ds_cpl vmx smx est tm2 ssse3 cx16 xtpr pdcm sse4_1 xsave lahf_lm dtherm tpr_shadow vnmi flexpriority
bogomips	: 5985.01
clflush size	: 64
cache_alignment	: 64
address sizes	: 36 bits physical, 48 bits virtual
power management:



Memory: 4k page, physical 3978136k(100588k free), swap 0k(0k free)

vm_info: Java HotSpot(TM) 64-Bit Server VM (25.5-b02) for linux-amd64 JRE (1.8.0_05-b13), built on Mar 18 2014 00:29:27 by "java_re" with gcc 4.3.0 20080428 (Red Hat 4.3.0-8)

time: Mon Feb 23 10:00:39 2015
elapsed time: 7 seconds

