#
# There is insufficient memory for the Java Runtime Environment to continue.
# Native memory allocation (mmap) failed to map 29884416 bytes for committing reserved memory.
# Possible reasons:
#   The system is out of physical RAM or swap space
#   In 32 bit mode, the process size limit was hit
# Possible solutions:
#   Reduce memory load on the system
#   Increase physical memory or swap space
#   Check if swap backing store is full
#   Use 64 bit Java on a 64 bit OS
#   Decrease Java heap size (-Xmx/-Xms)
#   Decrease number of Java threads
#   Decrease Java thread stack sizes (-Xss)
#   Set larger code cache with -XX:ReservedCodeCacheSize=
# This output file may be truncated or incomplete.
#
#  Out of Memory Error (os_linux.cpp:2718), pid=19218, tid=139700807890688
#
# JRE version: Java(TM) SE Runtime Environment (8.0_05-b13) (build 1.8.0_05-b13)
# Java VM: Java HotSpot(TM) 64-Bit Server VM (25.5-b02 mixed mode linux-amd64 compressed oops)
# Failed to write core dump. Core dumps have been disabled. To enable core dumping, try "ulimit -c unlimited" before starting Java again
#

---------------  T H R E A D  ---------------

Current thread (0x00007f0eb40f6000):  VMThread [stack: 0x00007f0ea0f77000,0x00007f0ea1078000] [id=19240]

Stack: [0x00007f0ea0f77000,0x00007f0ea1078000],  sp=0x00007f0ea10762a0,  free space=1020k
Native frames: (J=compiled Java code, j=interpreted, Vv=VM code, C=native code)
V  [libjvm.so+0xa2f43a]  VMError::report_and_die()+0x2ca
V  [libjvm.so+0x4b2d5b]  report_vm_out_of_memory(char const*, int, unsigned long, VMErrorType, char const*)+0x8b
V  [libjvm.so+0x89e443]  os::Linux::commit_memory_impl(char*, unsigned long, bool)+0x103
V  [libjvm.so+0x89e999]  os::pd_commit_memory(char*, unsigned long, unsigned long, bool)+0x29
V  [libjvm.so+0x89863a]  os::commit_memory(char*, unsigned long, unsigned long, bool)+0x2a
V  [libjvm.so+0x909243]  PSVirtualSpace::expand_by(unsigned long)+0x53
V  [libjvm.so+0x90a648]  PSYoungGen::resize_generation(unsigned long, unsigned long)+0xf8
V  [libjvm.so+0x9097a2]  PSYoungGen::resize(unsigned long, unsigned long)+0x22
V  [libjvm.so+0x906aff]  PSScavenge::invoke_no_policy()+0xf0f
V  [libjvm.so+0x907271]  PSScavenge::invoke()+0x41
V  [libjvm.so+0x8bfed0]  ParallelScavengeHeap::failed_mem_allocate(unsigned long)+0x70
V  [libjvm.so+0xa30af7]  VM_ParallelGCFailedAllocation::doit()+0x97
V  [libjvm.so+0xa38215]  VM_Operation::evaluate()+0x55
V  [libjvm.so+0xa3660a]  VMThread::evaluate_operation(VM_Operation*)+0xba
V  [libjvm.so+0xa3698e]  VMThread::loop()+0x1ce
V  [libjvm.so+0xa36e00]  VMThread::run()+0x70
V  [libjvm.so+0x8a00c8]  java_start(Thread*)+0x108

VM_Operation (0x00007f0ebada0880): ParallelGCFailedAllocation, mode: safepoint, requested by thread 0x00007f0eb400a000


---------------  P R O C E S S  ---------------

Java Threads: ( => current thread )
  0x00007f0eb4136800 JavaThread "Service Thread" daemon [_thread_blocked, id=19252, stack(0x00007f0e83eff000,0x00007f0e84000000)]
  0x00007f0eb4133800 JavaThread "C1 CompilerThread1" daemon [_thread_blocked, id=19250, stack(0x00007f0ea00a2000,0x00007f0ea01a3000)]
  0x00007f0eb4130800 JavaThread "C2 CompilerThread0" daemon [_thread_blocked, id=19248, stack(0x00007f0ea01a3000,0x00007f0ea02a4000)]
  0x00007f0eb412e800 JavaThread "Signal Dispatcher" daemon [_thread_blocked, id=19246, stack(0x00007f0ea02a4000,0x00007f0ea03a5000)]
  0x00007f0eb40ff000 JavaThread "Finalizer" daemon [_thread_blocked, id=19245, stack(0x00007f0ea0d75000,0x00007f0ea0e76000)]
  0x00007f0eb40fb000 JavaThread "Reference Handler" daemon [_thread_blocked, id=19242, stack(0x00007f0ea0e76000,0x00007f0ea0f77000)]
  0x00007f0eb400a000 JavaThread "main" [_thread_blocked, id=19235, stack(0x00007f0ebaca2000,0x00007f0ebada3000)]

Other Threads:
=>0x00007f0eb40f6000 VMThread [stack: 0x00007f0ea0f77000,0x00007f0ea1078000] [id=19240]
  0x00007f0eb413b000 WatcherThread [stack: 0x00007f0e83dfe000,0x00007f0e83eff000] [id=19254]

VM state:at safepoint (normal execution)

VM Mutex/Monitor currently owned by a thread:  ([mutex/lock_event])
[0x00007f0eb4006260] Threads_lock - owner thread: 0x00007f0eb40f6000
[0x00007f0eb4006760] Heap_lock - owner thread: 0x00007f0eb400a000

Heap:
 PSYoungGen      total 77312K, used 9894K [0x00000000eab00000, 0x00000000f0180000, 0x0000000100000000)
  eden space 67072K, 0% used [0x00000000eab00000,0x00000000eab00000,0x00000000eec80000)
  from space 10240K, 96% used [0x00000000eec80000,0x00000000ef629848,0x00000000ef680000)
  to   space 9216K, 0% used [0x00000000ef680000,0x00000000ef680000,0x00000000eff80000)
 ParOldGen       total 61952K, used 36937K [0x00000000c0000000, 0x00000000c3c80000, 0x00000000eab00000)
  object space 61952K, 59% used [0x00000000c0000000,0x00000000c2412730,0x00000000c3c80000)
 Metaspace       used 5516K, capacity 6768K, committed 7040K, reserved 1056768K
  class space    used 566K, capacity 616K, committed 640K, reserved 1048576K

Card table byte_map: [0x00007f0ea4823000,0x00007f0ea4a24000] byte_map_base: 0x00007f0ea4223000

Marking Bits: (ParMarkBitMap*) 0x00007f0eba191cc0
 Begin Bits: [0x00007f0ea25cc000, 0x00007f0ea35cc000)
 End Bits:   [0x00007f0ea35cc000, 0x00007f0ea45cc000)

Polling page: 0x00007f0ebadda000

CodeCache: size=245760Kb used=7383Kb max_used=7393Kb free=238376Kb
 bounds [0x00007f0ea4de4000, 0x00007f0ea5524000, 0x00007f0eb3de4000]
 total_blobs=2169 nmethods=1912 adapters=173
 compilation: enabled

Compilation events (10 events):
Event: 5,963 Thread 0x00007f0eb4133800 1952 %     3       com.android.dx.ssa.SsaBasicBlock::replaceSuccessor @ 37 (125 bytes)
Event: 5,969 Thread 0x00007f0eb4133800 nmethod 1952% 0x00007f0ea5502010 code [0x00007f0ea5502280, 0x00007f0ea5503138]
Event: 5,991 Thread 0x00007f0eb4133800 1953       2       com.android.dx.dex.cf.AttributeTranslator::translateEnclosingMethod (50 bytes)
Event: 5,992 Thread 0x00007f0eb4133800 nmethod 1953 0x00007f0ea5501410 code [0x00007f0ea5501600, 0x00007f0ea5501b88]
Event: 5,994 Thread 0x00007f0eb4130800 nmethod 1635 0x00007f0ea551efd0 code [0x00007f0ea551f1c0, 0x00007f0ea551fc28]
Event: 5,994 Thread 0x00007f0eb4130800 1951       4       java.util.ArrayList::removeRange (75 bytes)
Event: 5,997 Thread 0x00007f0eb4130800 nmethod 1951 0x00007f0ea54ff790 code [0x00007f0ea54ff8e0, 0x00007f0ea54ffa78]
Event: 5,997 Thread 0x00007f0eb4130800 1955       4       com.android.dx.ssa.back.SsaToRop$1::visitBlock (97 bytes)
Event: 6,006 Thread 0x00007f0eb4133800 1957       2       com.android.dx.dex.file.AnnotationUtils::makeInnerClass (65 bytes)
Event: 6,006 Thread 0x00007f0eb4133800 nmethod 1957 0x00007f0ea5500950 code [0x00007f0ea5500b20, 0x00007f0ea5500ff8]

GC Heap History (10 events):
Event: 2,863 GC heap after
Heap after GC invocations=14 (full 0):
 PSYoungGen      total 34816K, used 2144K [0x00000000eab00000, 0x00000000ed100000, 0x0000000100000000)
  eden space 30720K, 0% used [0x00000000eab00000,0x00000000eab00000,0x00000000ec900000)
  from space 4096K, 52% used [0x00000000ecd00000,0x00000000ecf18000,0x00000000ed100000)
  to   space 4096K, 0% used [0x00000000ec900000,0x00000000ec900000,0x00000000ecd00000)
 ParOldGen       total 61952K, used 11909K [0x00000000c0000000, 0x00000000c3c80000, 0x00000000eab00000)
  object space 61952K, 19% used [0x00000000c0000000,0x00000000c0ba1760,0x00000000c3c80000)
 Metaspace       used 5429K, capacity 6704K, committed 6784K, reserved 1056768K
  class space    used 562K, capacity 616K, committed 640K, reserved 1048576K
}
Event: 3,424 GC heap before
{Heap before GC invocations=15 (full 0):
 PSYoungGen      total 34816K, used 32864K [0x00000000eab00000, 0x00000000ed100000, 0x0000000100000000)
  eden space 30720K, 100% used [0x00000000eab00000,0x00000000ec900000,0x00000000ec900000)
  from space 4096K, 52% used [0x00000000ecd00000,0x00000000ecf18000,0x00000000ed100000)
  to   space 4096K, 0% used [0x00000000ec900000,0x00000000ec900000,0x00000000ecd00000)
 ParOldGen       total 61952K, used 11909K [0x00000000c0000000, 0x00000000c3c80000, 0x00000000eab00000)
  object space 61952K, 19% used [0x00000000c0000000,0x00000000c0ba1760,0x00000000c3c80000)
 Metaspace       used 5441K, capacity 6704K, committed 6784K, reserved 1056768K
  class space    used 562K, capacity 616K, committed 640K, reserved 1048576K
Event: 3,466 GC heap after
Heap after GC invocations=15 (full 0):
 PSYoungGen      total 34816K, used 4080K [0x00000000eab00000, 0x00000000ee600000, 0x0000000100000000)
  eden space 30720K, 0% used [0x00000000eab00000,0x00000000eab00000,0x00000000ec900000)
  from space 4096K, 99% used [0x00000000ec900000,0x00000000eccfc020,0x00000000ecd00000)
  to   space 5632K, 0% used [0x00000000ee080000,0x00000000ee080000,0x00000000ee600000)
 ParOldGen       total 61952K, used 14465K [0x00000000c0000000, 0x00000000c3c80000, 0x00000000eab00000)
  object space 61952K, 23% used [0x00000000c0000000,0x00000000c0e20430,0x00000000c3c80000)
 Metaspace       used 5441K, capacity 6704K, committed 6784K, reserved 1056768K
  class space    used 562K, capacity 616K, committed 640K, reserved 1048576K
}
Event: 3,661 GC heap before
{Heap before GC invocations=16 (full 0):
 PSYoungGen      total 34816K, used 34800K [0x00000000eab00000, 0x00000000ee600000, 0x0000000100000000)
  eden space 30720K, 100% used [0x00000000eab00000,0x00000000ec900000,0x00000000ec900000)
  from space 4096K, 99% used [0x00000000ec900000,0x00000000eccfc020,0x00000000ecd00000)
  to   space 5632K, 0% used [0x00000000ee080000,0x00000000ee080000,0x00000000ee600000)
 ParOldGen       total 61952K, used 14465K [0x00000000c0000000, 0x00000000c3c80000, 0x00000000eab00000)
  object space 61952K, 23% used [0x00000000c0000000,0x00000000c0e20430,0x00000000c3c80000)
 Metaspace       used 5472K, capacity 6704K, committed 6784K, reserved 1056768K
  class space    used 566K, capacity 616K, committed 640K, reserved 1048576K
Event: 3,690 GC heap after
Heap after GC invocations=16 (full 0):
 PSYoungGen      total 54272K, used 4608K [0x00000000eab00000, 0x00000000ee700000, 0x0000000100000000)
  eden space 48640K, 0% used [0x00000000eab00000,0x00000000eab00000,0x00000000eda80000)
  from space 5632K, 81% used [0x00000000ee080000,0x00000000ee500000,0x00000000ee600000)
  to   space 6144K, 0% used [0x00000000eda80000,0x00000000eda80000,0x00000000ee080000)
 ParOldGen       total 61952K, used 18560K [0x00000000c0000000, 0x00000000c3c80000, 0x00000000eab00000)
  object space 61952K, 29% used [0x00000000c0000000,0x00000000c1220358,0x00000000c3c80000)
 Metaspace       used 5472K, capacity 6704K, committed 6784K, reserved 1056768K
  class space    used 566K, capacity 616K, committed 640K, reserved 1048576K
}
Event: 4,228 GC heap before
{Heap before GC invocations=17 (full 0):
 PSYoungGen      total 54272K, used 53248K [0x00000000eab00000, 0x00000000ee700000, 0x0000000100000000)
  eden space 48640K, 100% used [0x00000000eab00000,0x00000000eda80000,0x00000000eda80000)
  from space 5632K, 81% used [0x00000000ee080000,0x00000000ee500000,0x00000000ee600000)
  to   space 6144K, 0% used [0x00000000eda80000,0x00000000eda80000,0x00000000ee080000)
 ParOldGen       total 61952K, used 18560K [0x00000000c0000000, 0x00000000c3c80000, 0x00000000eab00000)
  object space 61952K, 29% used [0x00000000c0000000,0x00000000c1220358,0x00000000c3c80000)
 Metaspace       used 5492K, capacity 6704K, committed 6784K, reserved 1056768K
  class space    used 566K, capacity 616K, committed 640K, reserved 1048576K
Event: 4,337 GC heap after
Heap after GC invocations=17 (full 0):
 PSYoungGen      total 54784K, used 6132K [0x00000000eab00000, 0x00000000eff80000, 0x0000000100000000)
  eden space 48640K, 0% used [0x00000000eab00000,0x00000000eab00000,0x00000000eda80000)
  from space 6144K, 99% used [0x00000000eda80000,0x00000000ee07d268,0x00000000ee080000)
  to   space 9216K, 0% used [0x00000000ef680000,0x00000000ef680000,0x00000000eff80000)
 ParOldGen       total 61952K, used 24054K [0x00000000c0000000, 0x00000000c3c80000, 0x00000000eab00000)
  object space 61952K, 38% used [0x00000000c0000000,0x00000000c177d980,0x00000000c3c80000)
 Metaspace       used 5492K, capacity 6704K, committed 6784K, reserved 1056768K
  class space    used 566K, capacity 616K, committed 640K, reserved 1048576K
}
Event: 4,872 GC heap before
{Heap before GC invocations=18 (full 0):
 PSYoungGen      total 54784K, used 54772K [0x00000000eab00000, 0x00000000eff80000, 0x0000000100000000)
  eden space 48640K, 100% used [0x00000000eab00000,0x00000000eda80000,0x00000000eda80000)
  from space 6144K, 99% used [0x00000000eda80000,0x00000000ee07d268,0x00000000ee080000)
  to   space 9216K, 0% used [0x00000000ef680000,0x00000000ef680000,0x00000000eff80000)
 ParOldGen       total 61952K, used 24054K [0x00000000c0000000, 0x00000000c3c80000, 0x00000000eab00000)
  object space 61952K, 38% used [0x00000000c0000000,0x00000000c177d980,0x00000000c3c80000)
 Metaspace       used 5513K, capacity 6768K, committed 7040K, reserved 1056768K
  class space    used 566K, capacity 616K, committed 640K, reserved 1048576K
Event: 4,973 GC heap after
Heap after GC invocations=18 (full 0):
 PSYoungGen      total 76288K, used 7052K [0x00000000eab00000, 0x00000000f0180000, 0x0000000100000000)
  eden space 67072K, 0% used [0x00000000eab00000,0x00000000eab00000,0x00000000eec80000)
  from space 9216K, 76% used [0x00000000ef680000,0x00000000efd632c0,0x00000000eff80000)
  to   space 10240K, 0% used [0x00000000eec80000,0x00000000eec80000,0x00000000ef680000)
 ParOldGen       total 61952K, used 30224K [0x00000000c0000000, 0x00000000c3c80000, 0x00000000eab00000)
  object space 61952K, 48% used [0x00000000c0000000,0x00000000c1d843c8,0x00000000c3c80000)
 Metaspace       used 5513K, capacity 6768K, committed 7040K, reserved 1056768K
  class space    used 566K, capacity 616K, committed 640K, reserved 1048576K
}
Event: 6,030 GC heap before
{Heap before GC invocations=19 (full 0):
 PSYoungGen      total 76288K, used 74124K [0x00000000eab00000, 0x00000000f0180000, 0x0000000100000000)
  eden space 67072K, 100% used [0x00000000eab00000,0x00000000eec80000,0x00000000eec80000)
  from space 9216K, 76% used [0x00000000ef680000,0x00000000efd632c0,0x00000000eff80000)
  to   space 10240K, 0% used [0x00000000eec80000,0x00000000eec80000,0x00000000ef680000)
 ParOldGen       total 61952K, used 30224K [0x00000000c0000000, 0x00000000c3c80000, 0x00000000eab00000)
  object space 61952K, 48% used [0x00000000c0000000,0x00000000c1d843c8,0x00000000c3c80000)
 Metaspace       used 5516K, capacity 6768K, committed 7040K, reserved 1056768K
  class space    used 566K, capacity 616K, committed 640K, reserved 1048576K

Deoptimization events (10 events):
Event: 1,128 Thread 0x00007f0eb400a000 Uncommon trap: reason=null_check action=make_not_entrant pc=0x00007f0ea51399dc method=com.android.dx.ssa.SsaRenamer.getLocalForNewReg(I)Lcom/android/dx/rop/code/LocalItem; @ 19
Event: 1,878 Thread 0x00007f0eb400a000 Uncommon trap: reason=null_check action=make_not_entrant pc=0x00007f0ea522c9d0 method=com.android.dx.rop.type.Type.equals(Ljava/lang/Object;)Z @ 8
Event: 2,623 Thread 0x00007f0eb400a000 Uncommon trap: reason=unreached action=reinterpret pc=0x00007f0ea5201298 method=java.util.HashMap.getNode(ILjava/lang/Object;)Ljava/util/HashMap$Node; @ 84
Event: 2,624 Thread 0x00007f0eb400a000 Uncommon trap: reason=unreached action=reinterpret pc=0x00007f0ea51a20ec method=java.util.HashMap.getNode(ILjava/lang/Object;)Ljava/util/HashMap$Node; @ 84
Event: 2,624 Thread 0x00007f0eb400a000 Uncommon trap: reason=unreached action=reinterpret pc=0x00007f0ea502ae34 method=java.util.HashMap.getNode(ILjava/lang/Object;)Ljava/util/HashMap$Node; @ 84
Event: 2,633 Thread 0x00007f0eb400a000 Uncommon trap: reason=bimorphic action=maybe_recompile pc=0x00007f0ea5003d68 method=java.util.HashMap.getNode(ILjava/lang/Object;)Ljava/util/HashMap$Node; @ 126
Event: 2,633 Thread 0x00007f0eb400a000 Uncommon trap: reason=bimorphic action=maybe_recompile pc=0x00007f0ea5003d68 method=java.util.HashMap.getNode(ILjava/lang/Object;)Ljava/util/HashMap$Node; @ 126
Event: 2,633 Thread 0x00007f0eb400a000 Uncommon trap: reason=bimorphic action=maybe_recompile pc=0x00007f0ea5003d68 method=java.util.HashMap.getNode(ILjava/lang/Object;)Ljava/util/HashMap$Node; @ 126
Event: 2,633 Thread 0x00007f0eb400a000 Uncommon trap: reason=bimorphic action=maybe_recompile pc=0x00007f0ea5003d68 method=java.util.HashMap.getNode(ILjava/lang/Object;)Ljava/util/HashMap$Node; @ 126
Event: 4,043 Thread 0x00007f0eb400a000 Uncommon trap: reason=unreached action=reinterpret pc=0x00007f0ea54442e8 method=java.util.HashMap.putVal(ILjava/lang/Object;Ljava/lang/Object;ZZ)Ljava/lang/Object; @ 109

Internal exceptions (10 events):
Event: 2,119 Thread 0x00007f0eb400a000 Exception <a 'java/security/PrivilegedActionException'> (0x00000000eacd9640) thrown at [/HUDSON/workspace/8-2-build-linux-amd64/jdk8u5/2488/hotspot/src/share/vm/prims/jvm.cpp, line 1248]
Event: 2,149 Thread 0x00007f0eb400a000 Exception <a 'java/security/PrivilegedActionException'> (0x00000000eae83378) thrown at [/HUDSON/workspace/8-2-build-linux-amd64/jdk8u5/2488/hotspot/src/share/vm/prims/jvm.cpp, line 1248]
Event: 2,618 Thread 0x00007f0eb400a000 Exception <a 'java/lang/ArrayIndexOutOfBoundsException': 18> (0x00000000ebc52580) thrown at [/HUDSON/workspace/8-2-build-linux-amd64/jdk8u5/2488/hotspot/src/share/vm/interpreter/interpreterRuntime.cpp, line 337]
Event: 2,618 Thread 0x00007f0eb400a000 Exception <a 'java/lang/ArrayIndexOutOfBoundsException': 145> (0x00000000ebc54018) thrown at [/HUDSON/workspace/8-2-build-linux-amd64/jdk8u5/2488/hotspot/src/share/vm/interpreter/interpreterRuntime.cpp, line 337]
Event: 2,619 Thread 0x00007f0eb400a000 Exception <a 'java/lang/ArrayIndexOutOfBoundsException'> (0x00000000ebc55230) thrown at [/HUDSON/workspace/8-2-build-linux-amd64/jdk8u5/2488/hotspot/src/share/vm/runtime/sharedRuntime.cpp, line 595]
Event: 3,655 Thread 0x00007f0eb400a000 Exception <a 'java/security/PrivilegedActionException'> (0x00000000ec820340) thrown at [/HUDSON/workspace/8-2-build-linux-amd64/jdk8u5/2488/hotspot/src/share/vm/prims/jvm.cpp, line 1248]
Event: 3,655 Thread 0x00007f0eb400a000 Exception <a 'java/security/PrivilegedActionException'> (0x00000000ec822748) thrown at [/HUDSON/workspace/8-2-build-linux-amd64/jdk8u5/2488/hotspot/src/share/vm/prims/jvm.cpp, line 1248]
Event: 3,656 Thread 0x00007f0eb400a000 Exception <a 'java/security/PrivilegedActionException'> (0x00000000ec85b0d8) thrown at [/HUDSON/workspace/8-2-build-linux-amd64/jdk8u5/2488/hotspot/src/share/vm/prims/jvm.cpp, line 1248]
Event: 3,657 Thread 0x00007f0eb400a000 Exception <a 'java/security/PrivilegedActionException'> (0x00000000ec85fe60) thrown at [/HUDSON/workspace/8-2-build-linux-amd64/jdk8u5/2488/hotspot/src/share/vm/prims/jvm.cpp, line 1248]
Event: 3,658 Thread 0x00007f0eb400a000 Exception <a 'java/security/PrivilegedActionException'> (0x00000000ec8647c8) thrown at [/HUDSON/workspace/8-2-build-linux-amd64/jdk8u5/2488/hotspot/src/share/vm/prims/jvm.cpp, line 1248]

Events (10 events):
Event: 4,689 Thread 0x00007f0eb400a000 DEOPT UNPACKING pc=0x00007f0ea4e2b01a sp=0x00007f0ebada09f0 mode 0
Event: 4,872 Executing VM operation: ParallelGCFailedAllocation
Event: 4,973 Executing VM operation: ParallelGCFailedAllocation done
Event: 5,120 Thread 0x00007f0eb400a000 DEOPT PACKING pc=0x00007f0ea52a9081 sp=0x00007f0ebada0c30
Event: 5,120 Thread 0x00007f0eb400a000 DEOPT UNPACKING pc=0x00007f0ea4e2b01a sp=0x00007f0ebada09d0 mode 0
Event: 5,134 Thread 0x00007f0eb400a000 DEOPT PACKING pc=0x00007f0ea527178f sp=0x00007f0ebada0910
Event: 5,135 Thread 0x00007f0eb400a000 DEOPT UNPACKING pc=0x00007f0ea4e2b01a sp=0x00007f0ebada0690 mode 0
Event: 5,771 Thread 0x00007f0eb400a000 DEOPT PACKING pc=0x00007f0ea51bd4ab sp=0x00007f0ebada09a0
Event: 5,771 Thread 0x00007f0eb400a000 DEOPT UNPACKING pc=0x00007f0ea4e2b01a sp=0x00007f0ebada06f8 mode 0
Event: 6,030 Executing VM operation: ParallelGCFailedAllocation


Dynamic libraries:
00400000-00401000 r-xp 00000000 08:01 524338                             /opt/jdk1.8.0_05/bin/java
00600000-00601000 rw-p 00000000 08:01 524338                             /opt/jdk1.8.0_05/bin/java
01c51000-01c72000 rw-p 00000000 00:00 0                                  [heap]
c0000000-c3c80000 rw-p 00000000 00:00 0 
c3c80000-eab00000 ---p 00000000 00:00 0 
eab00000-f0180000 rw-p 00000000 00:00 0 
f1e00000-100000000 ---p 00000000 00:00 0 
100000000-1000a0000 rw-p 00000000 00:00 0 
1000a0000-140000000 ---p 00000000 00:00 0 
7f0e74000000-7f0e74021000 rw-p 00000000 00:00 0 
7f0e74021000-7f0e78000000 ---p 00000000 00:00 0 
7f0e78000000-7f0e78021000 rw-p 00000000 00:00 0 
7f0e78021000-7f0e7c000000 ---p 00000000 00:00 0 
7f0e7c000000-7f0e7c7ee000 rw-p 00000000 00:00 0 
7f0e7c7ee000-7f0e80000000 ---p 00000000 00:00 0 
7f0e83dfe000-7f0e83dff000 ---p 00000000 00:00 0 
7f0e83dff000-7f0e83eff000 rw-p 00000000 00:00 0                          [stack:19254]
7f0e83eff000-7f0e83f02000 ---p 00000000 00:00 0 
7f0e83f02000-7f0e84000000 rw-p 00000000 00:00 0                          [stack:19252]
7f0e84000000-7f0e84021000 rw-p 00000000 00:00 0 
7f0e84021000-7f0e88000000 ---p 00000000 00:00 0 
7f0e88000000-7f0e88f10000 rw-p 00000000 00:00 0 
7f0e88f10000-7f0e8c000000 ---p 00000000 00:00 0 
7f0e8c000000-7f0e8c021000 rw-p 00000000 00:00 0 
7f0e8c021000-7f0e90000000 ---p 00000000 00:00 0 
7f0e90000000-7f0e90021000 rw-p 00000000 00:00 0 
7f0e90021000-7f0e94000000 ---p 00000000 00:00 0 
7f0e94000000-7f0e94021000 rw-p 00000000 00:00 0 
7f0e94021000-7f0e98000000 ---p 00000000 00:00 0 
7f0e98000000-7f0e98271000 rw-p 00000000 00:00 0 
7f0e98271000-7f0e9c000000 ---p 00000000 00:00 0 
7f0e9c000000-7f0e9c021000 rw-p 00000000 00:00 0 
7f0e9c021000-7f0ea0000000 ---p 00000000 00:00 0 
7f0ea007c000-7f0ea00a2000 r--p 00000000 08:01 12589966                   /usr/share/locale-langpack/de/LC_MESSAGES/libc.mo
7f0ea00a2000-7f0ea00a5000 ---p 00000000 00:00 0 
7f0ea00a5000-7f0ea01a3000 rw-p 00000000 00:00 0                          [stack:19250]
7f0ea01a3000-7f0ea01a6000 ---p 00000000 00:00 0 
7f0ea01a6000-7f0ea02a4000 rw-p 00000000 00:00 0                          [stack:19248]
7f0ea02a4000-7f0ea02a7000 ---p 00000000 00:00 0 
7f0ea02a7000-7f0ea03a5000 rw-p 00000000 00:00 0                          [stack:19246]
7f0ea03a5000-7f0ea0d75000 r--p 00000000 08:01 8407776                    /usr/lib/locale/locale-archive
7f0ea0d75000-7f0ea0d78000 ---p 00000000 00:00 0 
7f0ea0d78000-7f0ea0e76000 rw-p 00000000 00:00 0                          [stack:19245]
7f0ea0e76000-7f0ea0e79000 ---p 00000000 00:00 0 
7f0ea0e79000-7f0ea0f77000 rw-p 00000000 00:00 0                          [stack:19242]
7f0ea0f77000-7f0ea0f78000 ---p 00000000 00:00 0 
7f0ea0f78000-7f0ea1981000 rw-p 00000000 00:00 0                          [stack:19240]
7f0ea1981000-7f0ea1b56000 r--s 03c4d000 08:01 525741                     /opt/jdk1.8.0_05/jre/lib/rt.jar
7f0ea1b56000-7f0ea220c000 rw-p 00000000 00:00 0 
7f0ea220c000-7f0ea23cc000 ---p 00000000 00:00 0 
7f0ea23cc000-7f0ea45cc000 rw-p 00000000 00:00 0 
7f0ea45cc000-7f0ea45cd000 ---p 00000000 00:00 0 
7f0ea45cd000-7f0ea46ec000 rw-p 00000000 00:00 0                          [stack:19239]
7f0ea46ec000-7f0ea4823000 ---p 00000000 00:00 0 
7f0ea4823000-7f0ea4842000 rw-p 00000000 00:00 0 
7f0ea4842000-7f0ea4978000 ---p 00000000 00:00 0 
7f0ea4978000-7f0ea49a4000 rw-p 00000000 00:00 0 
7f0ea49a4000-7f0ea4a23000 ---p 00000000 00:00 0 
7f0ea4a23000-7f0ea4a41000 rw-p 00000000 00:00 0 
7f0ea4a41000-7f0ea4de4000 ---p 00000000 00:00 0 
7f0ea4de4000-7f0ea5524000 rwxp 00000000 00:00 0 
7f0ea5524000-7f0eb3de4000 ---p 00000000 00:00 0 
7f0eb3de4000-7f0eb3e00000 r-xp 00000000 08:01 525935                     /opt/jdk1.8.0_05/jre/lib/amd64/libzip.so
7f0eb3e00000-7f0eb3fff000 ---p 0001c000 08:01 525935                     /opt/jdk1.8.0_05/jre/lib/amd64/libzip.so
7f0eb3fff000-7f0eb4000000 rw-p 0001b000 08:01 525935                     /opt/jdk1.8.0_05/jre/lib/amd64/libzip.so
7f0eb4000000-7f0eb440c000 rw-p 00000000 00:00 0 
7f0eb440c000-7f0eb8000000 ---p 00000000 00:00 0 
7f0eb8013000-7f0eb8014000 ---p 00000000 00:00 0 
7f0eb8014000-7f0eb8114000 rw-p 00000000 00:00 0                          [stack:19236]
7f0eb8114000-7f0eb811f000 r-xp 00000000 08:01 16002795                   /lib/x86_64-linux-gnu/libnss_files-2.19.so
7f0eb811f000-7f0eb831e000 ---p 0000b000 08:01 16002795                   /lib/x86_64-linux-gnu/libnss_files-2.19.so
7f0eb831e000-7f0eb831f000 r--p 0000a000 08:01 16002795                   /lib/x86_64-linux-gnu/libnss_files-2.19.so
7f0eb831f000-7f0eb8320000 rw-p 0000b000 08:01 16002795                   /lib/x86_64-linux-gnu/libnss_files-2.19.so
7f0eb8320000-7f0eb832b000 r-xp 00000000 08:01 16002792                   /lib/x86_64-linux-gnu/libnss_nis-2.19.so
7f0eb832b000-7f0eb852a000 ---p 0000b000 08:01 16002792                   /lib/x86_64-linux-gnu/libnss_nis-2.19.so
7f0eb852a000-7f0eb852b000 r--p 0000a000 08:01 16002792                   /lib/x86_64-linux-gnu/libnss_nis-2.19.so
7f0eb852b000-7f0eb852c000 rw-p 0000b000 08:01 16002792                   /lib/x86_64-linux-gnu/libnss_nis-2.19.so
7f0eb852c000-7f0eb8543000 r-xp 00000000 08:01 16002786                   /lib/x86_64-linux-gnu/libnsl-2.19.so
7f0eb8543000-7f0eb8742000 ---p 00017000 08:01 16002786                   /lib/x86_64-linux-gnu/libnsl-2.19.so
7f0eb8742000-7f0eb8743000 r--p 00016000 08:01 16002786                   /lib/x86_64-linux-gnu/libnsl-2.19.so
7f0eb8743000-7f0eb8744000 rw-p 00017000 08:01 16002786                   /lib/x86_64-linux-gnu/libnsl-2.19.so
7f0eb8744000-7f0eb8746000 rw-p 00000000 00:00 0 
7f0eb8746000-7f0eb874f000 r-xp 00000000 08:01 16002783                   /lib/x86_64-linux-gnu/libnss_compat-2.19.so
7f0eb874f000-7f0eb894e000 ---p 00009000 08:01 16002783                   /lib/x86_64-linux-gnu/libnss_compat-2.19.so
7f0eb894e000-7f0eb894f000 r--p 00008000 08:01 16002783                   /lib/x86_64-linux-gnu/libnss_compat-2.19.so
7f0eb894f000-7f0eb8950000 rw-p 00009000 08:01 16002783                   /lib/x86_64-linux-gnu/libnss_compat-2.19.so
7f0eb8950000-7f0eb897a000 r-xp 00000000 08:01 525930                     /opt/jdk1.8.0_05/jre/lib/amd64/libjava.so
7f0eb897a000-7f0eb8b7a000 ---p 0002a000 08:01 525930                     /opt/jdk1.8.0_05/jre/lib/amd64/libjava.so
7f0eb8b7a000-7f0eb8b7c000 rw-p 0002a000 08:01 525930                     /opt/jdk1.8.0_05/jre/lib/amd64/libjava.so
7f0eb8b7c000-7f0eb8b89000 r-xp 00000000 08:01 525934                     /opt/jdk1.8.0_05/jre/lib/amd64/libverify.so
7f0eb8b89000-7f0eb8d89000 ---p 0000d000 08:01 525934                     /opt/jdk1.8.0_05/jre/lib/amd64/libverify.so
7f0eb8d89000-7f0eb8d8b000 rw-p 0000d000 08:01 525934                     /opt/jdk1.8.0_05/jre/lib/amd64/libverify.so
7f0eb8d8b000-7f0eb8d92000 r-xp 00000000 08:01 16002778                   /lib/x86_64-linux-gnu/librt-2.19.so
7f0eb8d92000-7f0eb8f91000 ---p 00007000 08:01 16002778                   /lib/x86_64-linux-gnu/librt-2.19.so
7f0eb8f91000-7f0eb8f92000 r--p 00006000 08:01 16002778                   /lib/x86_64-linux-gnu/librt-2.19.so
7f0eb8f92000-7f0eb8f93000 rw-p 00007000 08:01 16002778                   /lib/x86_64-linux-gnu/librt-2.19.so
7f0eb8f93000-7f0eb9098000 r-xp 00000000 08:01 16002785                   /lib/x86_64-linux-gnu/libm-2.19.so
7f0eb9098000-7f0eb9297000 ---p 00105000 08:01 16002785                   /lib/x86_64-linux-gnu/libm-2.19.so
7f0eb9297000-7f0eb9298000 r--p 00104000 08:01 16002785                   /lib/x86_64-linux-gnu/libm-2.19.so
7f0eb9298000-7f0eb9299000 rw-p 00105000 08:01 16002785                   /lib/x86_64-linux-gnu/libm-2.19.so
7f0eb9299000-7f0eb9eb3000 r-xp 00000000 08:01 525916                     /opt/jdk1.8.0_05/jre/lib/amd64/server/libjvm.so
7f0eb9eb3000-7f0eba0b2000 ---p 00c1a000 08:01 525916                     /opt/jdk1.8.0_05/jre/lib/amd64/server/libjvm.so
7f0eba0b2000-7f0eba17b000 rw-p 00c19000 08:01 525916                     /opt/jdk1.8.0_05/jre/lib/amd64/server/libjvm.so
7f0eba17b000-7f0eba1bc000 rw-p 00000000 00:00 0 
7f0eba1bc000-7f0eba377000 r-xp 00000000 08:01 16002777                   /lib/x86_64-linux-gnu/libc-2.19.so
7f0eba377000-7f0eba577000 ---p 001bb000 08:01 16002777                   /lib/x86_64-linux-gnu/libc-2.19.so
7f0eba577000-7f0eba57b000 r--p 001bb000 08:01 16002777                   /lib/x86_64-linux-gnu/libc-2.19.so
7f0eba57b000-7f0eba57d000 rw-p 001bf000 08:01 16002777                   /lib/x86_64-linux-gnu/libc-2.19.so
7f0eba57d000-7f0eba582000 rw-p 00000000 00:00 0 
7f0eba582000-7f0eba585000 r-xp 00000000 08:01 16002781                   /lib/x86_64-linux-gnu/libdl-2.19.so
7f0eba585000-7f0eba784000 ---p 00003000 08:01 16002781                   /lib/x86_64-linux-gnu/libdl-2.19.so
7f0eba784000-7f0eba785000 r--p 00002000 08:01 16002781                   /lib/x86_64-linux-gnu/libdl-2.19.so
7f0eba785000-7f0eba786000 rw-p 00003000 08:01 16002781                   /lib/x86_64-linux-gnu/libdl-2.19.so
7f0eba786000-7f0eba79d000 r-xp 00000000 08:01 525557                     /opt/jdk1.8.0_05/lib/amd64/jli/libjli.so
7f0eba79d000-7f0eba99c000 ---p 00017000 08:01 525557                     /opt/jdk1.8.0_05/lib/amd64/jli/libjli.so
7f0eba99c000-7f0eba99d000 rw-p 00016000 08:01 525557                     /opt/jdk1.8.0_05/lib/amd64/jli/libjli.so
7f0eba99d000-7f0eba9b6000 r-xp 00000000 08:01 16002794                   /lib/x86_64-linux-gnu/libpthread-2.19.so
7f0eba9b6000-7f0ebabb5000 ---p 00019000 08:01 16002794                   /lib/x86_64-linux-gnu/libpthread-2.19.so
7f0ebabb5000-7f0ebabb6000 r--p 00018000 08:01 16002794                   /lib/x86_64-linux-gnu/libpthread-2.19.so
7f0ebabb6000-7f0ebabb7000 rw-p 00019000 08:01 16002794                   /lib/x86_64-linux-gnu/libpthread-2.19.so
7f0ebabb7000-7f0ebabbb000 rw-p 00000000 00:00 0 
7f0ebabbb000-7f0ebabde000 r-xp 00000000 08:01 15991001                   /lib/x86_64-linux-gnu/ld-2.19.so
7f0ebabe8000-7f0ebabf8000 r--s 000a9000 00:26 5529916                    /home/mblank/AndroidstudioProjects/ItopEnterprise/app/build/intermediates/exploded-aar/com.android.support/support-v4/21.0.0/classes.jar
7f0ebabf8000-7f0ebaca2000 rw-p 00000000 00:00 0 
7f0ebaca2000-7f0ebaca5000 ---p 00000000 00:00 0 
7f0ebaca5000-7f0ebada8000 rw-p 00000000 00:00 0                          [stack:19235]
7f0ebada8000-7f0ebadaf000 r--s 00000000 08:01 8931252                    /usr/lib/x86_64-linux-gnu/gconv/gconv-modules.cache
7f0ebadaf000-7f0ebadbd000 r--s 000b4000 08:01 2884729                    /opt/android-sdk/build-tools/20.0.0/lib/dx.jar
7f0ebadbd000-7f0ebadd1000 rw-p 00000000 00:00 0 
7f0ebadd1000-7f0ebadd9000 rw-s 00000000 00:13 2196188                    /tmp/hsperfdata_mblank/19218
7f0ebadd9000-7f0ebadda000 rw-p 00000000 00:00 0 
7f0ebadda000-7f0ebaddb000 ---p 00000000 00:00 0 
7f0ebaddb000-7f0ebaddd000 rw-p 00000000 00:00 0 
7f0ebaddd000-7f0ebadde000 r--p 00022000 08:01 15991001                   /lib/x86_64-linux-gnu/ld-2.19.so
7f0ebadde000-7f0ebaddf000 rw-p 00023000 08:01 15991001                   /lib/x86_64-linux-gnu/ld-2.19.so
7f0ebaddf000-7f0ebade0000 rw-p 00000000 00:00 0 
7fff20846000-7fff20868000 rw-p 00000000 00:00 0                          [stack]
7fff208e5000-7fff208e7000 r-xp 00000000 00:00 0                          [vdso]
ffffffffff600000-ffffffffff601000 r-xp 00000000 00:00 0                  [vsyscall]

VM Arguments:
jvm_args: -Xmx1024M 
java_command: /opt/android-sdk/build-tools/20.0.0/lib/dx.jar --dex --output /home/mblank/AndroidstudioProjects/ItopEnterprise/app/build/intermediates/pre-dexed/debug/classes-397ca811a2e70ebb05b221605d9851f23fd58d0d.jar /home/mblank/AndroidstudioProjects/ItopEnterprise/app/build/intermediates/exploded-aar/com.android.support/support-v4/21.0.0/classes.jar
java_class_path (initial): /opt/android-sdk/build-tools/20.0.0/lib/dx.jar
Launcher Type: SUN_STANDARD

Environment Variables:
CLASSPATH=/opt/android-studio/bin/../lib/bootstrap.jar:/opt/android-studio/bin/../lib/extensions.jar:/opt/android-studio/bin/../lib/util.jar:/opt/android-studio/bin/../lib/jdom.jar:/opt/android-studio/bin/../lib/log4j.jar:/opt/android-studio/bin/../lib/trove4j.jar:/opt/android-studio/bin/../lib/jna.jar:/opt/jdk1.8.0_05/lib/tools.jar
PATH=/home/mblank/bin:/usr/local/sbin:/usr/local/bin:/usr/sbin:/usr/bin:/sbin:/bin:/usr/games:/usr/local/games:/opt/android-sdk/tools:/opt/android-sdk/platform-tools/:/home/mblank/fdroid/fdroidserver/:/opt/android-studio/bin/
LD_LIBRARY_PATH=/opt/android-studio/bin:
SHELL=/bin/bash
DISPLAY=:0

Signal Handlers:
SIGSEGV: [libjvm.so+0xa2fc90], sa_mask[0]=0x7ffbfeff, sa_flags=0x10000004
SIGBUS: [libjvm.so+0xa2fc90], sa_mask[0]=0x7ffbfeff, sa_flags=0x10000004
SIGFPE: [libjvm.so+0x89b4b0], sa_mask[0]=0x7ffbfeff, sa_flags=0x10000004
SIGPIPE: [libjvm.so+0x89b4b0], sa_mask[0]=0x7ffbfeff, sa_flags=0x10000004
SIGXFSZ: [libjvm.so+0x89b4b0], sa_mask[0]=0x7ffbfeff, sa_flags=0x10000004
SIGILL: [libjvm.so+0x89b4b0], sa_mask[0]=0x7ffbfeff, sa_flags=0x10000004
SIGUSR1: SIG_DFL, sa_mask[0]=0x00000000, sa_flags=0x00000000
SIGUSR2: [libjvm.so+0x89cc50], sa_mask[0]=0x00000004, sa_flags=0x10000004
SIGHUP: [libjvm.so+0x89df00], sa_mask[0]=0x7ffbfeff, sa_flags=0x10000004
SIGINT: [libjvm.so+0x89df00], sa_mask[0]=0x7ffbfeff, sa_flags=0x10000004
SIGTERM: [libjvm.so+0x89df00], sa_mask[0]=0x7ffbfeff, sa_flags=0x10000004
SIGQUIT: [libjvm.so+0x89df00], sa_mask[0]=0x7ffbfeff, sa_flags=0x10000004


---------------  S Y S T E M  ---------------

OS:DISTRIB_ID=Ubuntu
DISTRIB_RELEASE=14.04
DISTRIB_CODENAME=trusty
DISTRIB_DESCRIPTION="Ubuntu 14.04.2 LTS"

uname:Linux 3.13.0-45-generic #74-Ubuntu SMP Tue Jan 13 19:36:28 UTC 2015 x86_64
libc:glibc 2.19 NPTL 2.19 
rlimit: STACK 8192k, CORE 0k, NPROC 30850, NOFILE 4096, AS infinity
load average:4,77 3,29 1,97

/proc/meminfo:
MemTotal:        3978136 kB
MemFree:           89480 kB
Buffers:             200 kB
Cached:            68648 kB
SwapCached:            0 kB
Active:          3570788 kB
Inactive:          66100 kB
Active(anon):    3569464 kB
Inactive(anon):    64828 kB
Active(file):       1324 kB
Inactive(file):     1272 kB
Unevictable:          68 kB
Mlocked:              68 kB
SwapTotal:             0 kB
SwapFree:              0 kB
Dirty:                12 kB
Writeback:             0 kB
AnonPages:       3568208 kB
Mapped:           124368 kB
Shmem:             66152 kB
Slab:              89156 kB
SReclaimable:      35996 kB
SUnreclaim:        53160 kB
KernelStack:        4880 kB
PageTables:        42208 kB
NFS_Unstable:          0 kB
Bounce:                0 kB
WritebackTmp:          0 kB
CommitLimit:     1989068 kB
Committed_AS:    7457440 kB
VmallocTotal:   34359738367 kB
VmallocUsed:      111984 kB
VmallocChunk:   34359622140 kB
HardwareCorrupted:     0 kB
AnonHugePages:   1683456 kB
HugePages_Total:       0
HugePages_Free:        0
HugePages_Rsvd:        0
HugePages_Surp:        0
Hugepagesize:       2048 kB
DirectMap4k:      302796 kB
DirectMap2M:     3821568 kB


CPU:total 2 (2 cores per cpu, 1 threads per core) family 6 model 23 stepping 10, cmov, cx8, fxsr, mmx, sse, sse2, sse3, ssse3, sse4.1, tsc

/proc/cpuinfo:
processor	: 0
vendor_id	: GenuineIntel
cpu family	: 6
model		: 23
model name	: Intel(R) Core(TM)2 Duo CPU     E8400  @ 3.00GHz
stepping	: 10
microcode	: 0xa07
cpu MHz		: 3000.000
cache size	: 6144 KB
physical id	: 0
siblings	: 2
core id		: 0
cpu cores	: 2
apicid		: 0
initial apicid	: 0
fpu		: yes
fpu_exception	: yes
cpuid level	: 13
wp		: yes
flags		: fpu vme de pse tsc msr pae mce cx8 apic sep mtrr pge mca cmov pat pse36 clflush dts acpi mmx fxsr sse sse2 ss ht tm pbe syscall nx lm constant_tsc arch_perfmon pebs bts rep_good nopl aperfmperf pni dtes64 monitor ds_cpl vmx smx est tm2 ssse3 cx16 xtpr pdcm sse4_1 xsave lahf_lm dtherm tpr_shadow vnmi flexpriority
bogomips	: 5985.01
clflush size	: 64
cache_alignment	: 64
address sizes	: 36 bits physical, 48 bits virtual
power management:

processor	: 1
vendor_id	: GenuineIntel
cpu family	: 6
model		: 23
model name	: Intel(R) Core(TM)2 Duo CPU     E8400  @ 3.00GHz
stepping	: 10
microcode	: 0xa07
cpu MHz		: 3000.000
cache size	: 6144 KB
physical id	: 0
siblings	: 2
core id		: 1
cpu cores	: 2
apicid		: 1
initial apicid	: 1
fpu		: yes
fpu_exception	: yes
cpuid level	: 13
wp		: yes
flags		: fpu vme de pse tsc msr pae mce cx8 apic sep mtrr pge mca cmov pat pse36 clflush dts acpi mmx fxsr sse sse2 ss ht tm pbe syscall nx lm constant_tsc arch_perfmon pebs bts rep_good nopl aperfmperf pni dtes64 monitor ds_cpl vmx smx est tm2 ssse3 cx16 xtpr pdcm sse4_1 xsave lahf_lm dtherm tpr_shadow vnmi flexpriority
bogomips	: 5985.01
clflush size	: 64
cache_alignment	: 64
address sizes	: 36 bits physical, 48 bits virtual
power management:



Memory: 4k page, physical 3978136k(88612k free), swap 0k(0k free)

vm_info: Java HotSpot(TM) 64-Bit Server VM (25.5-b02) for linux-amd64 JRE (1.8.0_05-b13), built on Mar 18 2014 00:29:27 by "java_re" with gcc 4.3.0 20080428 (Red Hat 4.3.0-8)

time: Mon Feb 23 10:02:19 2015
elapsed time: 8 seconds

