#
# There is insufficient memory for the Java Runtime Environment to continue.
# Native memory allocation (mmap) failed to map 35651584 bytes for committing reserved memory.
# Possible reasons:
#   The system is out of physical RAM or swap space
#   In 32 bit mode, the process size limit was hit
# Possible solutions:
#   Reduce memory load on the system
#   Increase physical memory or swap space
#   Check if swap backing store is full
#   Use 64 bit Java on a 64 bit OS
#   Decrease Java heap size (-Xmx/-Xms)
#   Decrease number of Java threads
#   Decrease Java thread stack sizes (-Xss)
#   Set larger code cache with -XX:ReservedCodeCacheSize=
# This output file may be truncated or incomplete.
#
#  Out of Memory Error (os_linux.cpp:2718), pid=18724, tid=140322529048320
#
# JRE version: Java(TM) SE Runtime Environment (8.0_05-b13) (build 1.8.0_05-b13)
# Java VM: Java HotSpot(TM) 64-Bit Server VM (25.5-b02 mixed mode linux-amd64 compressed oops)
# Failed to write core dump. Core dumps have been disabled. To enable core dumping, try "ulimit -c unlimited" before starting Java again
#

---------------  T H R E A D  ---------------

Current thread (0x00007f9f740f6000):  VMThread [stack: 0x00007f9f626f7000,0x00007f9f627f8000] [id=18745]

Stack: [0x00007f9f626f7000,0x00007f9f627f8000],  sp=0x00007f9f627f5fa0,  free space=1019k
Native frames: (J=compiled Java code, j=interpreted, Vv=VM code, C=native code)
V  [libjvm.so+0xa2f43a]  VMError::report_and_die()+0x2ca
V  [libjvm.so+0x4b2d5b]  report_vm_out_of_memory(char const*, int, unsigned long, VMErrorType, char const*)+0x8b
V  [libjvm.so+0x89e443]  os::Linux::commit_memory_impl(char*, unsigned long, bool)+0x103
V  [libjvm.so+0x89e999]  os::pd_commit_memory(char*, unsigned long, unsigned long, bool)+0x29
V  [libjvm.so+0x89863a]  os::commit_memory(char*, unsigned long, unsigned long, bool)+0x2a
V  [libjvm.so+0x909243]  PSVirtualSpace::expand_by(unsigned long)+0x53
V  [libjvm.so+0x90a648]  PSYoungGen::resize_generation(unsigned long, unsigned long)+0xf8
V  [libjvm.so+0x9097a2]  PSYoungGen::resize(unsigned long, unsigned long)+0x22
V  [libjvm.so+0x906aff]  PSScavenge::invoke_no_policy()+0xf0f
V  [libjvm.so+0x907271]  PSScavenge::invoke()+0x41
V  [libjvm.so+0x8bfed0]  ParallelScavengeHeap::failed_mem_allocate(unsigned long)+0x70
V  [libjvm.so+0xa30af7]  VM_ParallelGCFailedAllocation::doit()+0x97
V  [libjvm.so+0xa38215]  VM_Operation::evaluate()+0x55
V  [libjvm.so+0xa3660a]  VMThread::evaluate_operation(VM_Operation*)+0xba
V  [libjvm.so+0xa3698e]  VMThread::loop()+0x1ce
V  [libjvm.so+0xa36e00]  VMThread::run()+0x70
V  [libjvm.so+0x8a00c8]  java_start(Thread*)+0x108

VM_Operation (0x00007f9f7c5ea8d0): ParallelGCFailedAllocation, mode: safepoint, requested by thread 0x00007f9f7400a000


---------------  P R O C E S S  ---------------

Java Threads: ( => current thread )
  0x00007f9f74136000 JavaThread "Service Thread" daemon [_thread_blocked, id=18758, stack(0x00007f9f61721000,0x00007f9f61822000)]
  0x00007f9f74133800 JavaThread "C1 CompilerThread1" daemon [_thread_blocked, id=18755, stack(0x00007f9f61822000,0x00007f9f61923000)]
  0x00007f9f74130800 JavaThread "C2 CompilerThread0" daemon [_thread_blocked, id=18753, stack(0x00007f9f61923000,0x00007f9f61a24000)]
  0x00007f9f7412e800 JavaThread "Signal Dispatcher" daemon [_thread_blocked, id=18752, stack(0x00007f9f61a24000,0x00007f9f61b25000)]
  0x00007f9f740ff000 JavaThread "Finalizer" daemon [_thread_blocked, id=18749, stack(0x00007f9f624f5000,0x00007f9f625f6000)]
  0x00007f9f740fb000 JavaThread "Reference Handler" daemon [_thread_blocked, id=18747, stack(0x00007f9f625f6000,0x00007f9f626f7000)]
  0x00007f9f7400a000 JavaThread "main" [_thread_blocked, id=18740, stack(0x00007f9f7c4ec000,0x00007f9f7c5ed000)]

Other Threads:
=>0x00007f9f740f6000 VMThread [stack: 0x00007f9f626f7000,0x00007f9f627f8000] [id=18745]
  0x00007f9f7413b000 WatcherThread [stack: 0x00007f9f61620000,0x00007f9f61721000] [id=18760]

VM state:at safepoint (normal execution)

VM Mutex/Monitor currently owned by a thread:  ([mutex/lock_event])
[0x00007f9f74006260] Threads_lock - owner thread: 0x00007f9f740f6000
[0x00007f9f74006760] Heap_lock - owner thread: 0x00007f9f7400a000

Heap:
 PSYoungGen      total 76800K, used 9723K [0x00000000eab00000, 0x00000000f0000000, 0x0000000100000000)
  eden space 67072K, 0% used [0x00000000eab00000,0x00000000eab00000,0x00000000eec80000)
  from space 9728K, 99% used [0x00000000eec80000,0x00000000ef5fef88,0x00000000ef600000)
  to   space 9216K, 0% used [0x00000000ef600000,0x00000000ef600000,0x00000000eff00000)
 ParOldGen       total 61952K, used 36880K [0x00000000c0000000, 0x00000000c3c80000, 0x00000000eab00000)
  object space 61952K, 59% used [0x00000000c0000000,0x00000000c24041b0,0x00000000c3c80000)
 Metaspace       used 5521K, capacity 6768K, committed 7040K, reserved 1056768K
  class space    used 566K, capacity 616K, committed 640K, reserved 1048576K

Card table byte_map: [0x00007f9f79181000,0x00007f9f79382000] byte_map_base: 0x00007f9f78b81000

Marking Bits: (ParMarkBitMap*) 0x00007f9f7b9dbcc0
 Begin Bits: [0x00007f9f63000000, 0x00007f9f64000000)
 End Bits:   [0x00007f9f64000000, 0x00007f9f65000000)

Polling page: 0x00007f9f7c624000

CodeCache: size=245760Kb used=7354Kb max_used=7354Kb free=238405Kb
 bounds [0x00007f9f65000000, 0x00007f9f65740000, 0x00007f9f74000000]
 total_blobs=2164 nmethods=1907 adapters=173
 compilation: enabled

Compilation events (10 events):
Event: 4,956 Thread 0x00007f9f74133800 1944 %     3       com.android.dx.ssa.SsaBasicBlock::replaceSuccessor @ 37 (125 bytes)
Event: 4,957 Thread 0x00007f9f74133800 nmethod 1944% 0x00007f9f6572d990 code [0x00007f9f6572dc00, 0x00007f9f6572eab8]
Event: 4,957 Thread 0x00007f9f74133800 1945       3       com.android.dx.ssa.SsaBasicBlock::replaceSuccessor (125 bytes)
Event: 4,957 Thread 0x00007f9f74133800 nmethod 1945 0x00007f9f6572f390 code [0x00007f9f6572f600, 0x00007f9f657303b8]
Event: 4,978 Thread 0x00007f9f74133800 1946       2       com.android.dx.ssa.back.FirstFitLocalCombiningAllocator::markReserved (13 bytes)
Event: 4,978 Thread 0x00007f9f74133800 nmethod 1946 0x00007f9f65730c10 code [0x00007f9f65730d80, 0x00007f9f65730f08]
Event: 4,978 Thread 0x00007f9f74133800 1947       2       java.util.BitSet::set (20 bytes)
Event: 4,978 Thread 0x00007f9f74133800 nmethod 1947 0x00007f9f65731010 code [0x00007f9f65731180, 0x00007f9f65731318]
Event: 4,984 Thread 0x00007f9f74133800 1948       2       com.android.dx.dex.file.ClassDataItem::<init> (96 bytes)
Event: 4,985 Thread 0x00007f9f74133800 nmethod 1948 0x00007f9f657313d0 code [0x00007f9f657315c0, 0x00007f9f65731b28]

GC Heap History (10 events):
Event: 2,781 GC heap after
Heap after GC invocations=14 (full 0):
 PSYoungGen      total 34304K, used 2112K [0x00000000eab00000, 0x00000000ed000000, 0x0000000100000000)
  eden space 30720K, 0% used [0x00000000eab00000,0x00000000eab00000,0x00000000ec900000)
  from space 3584K, 58% used [0x00000000ecc80000,0x00000000ece90000,0x00000000ed000000)
  to   space 3584K, 0% used [0x00000000ec900000,0x00000000ec900000,0x00000000ecc80000)
 ParOldGen       total 61952K, used 11848K [0x00000000c0000000, 0x00000000c3c80000, 0x00000000eab00000)
  object space 61952K, 19% used [0x00000000c0000000,0x00000000c0b922c0,0x00000000c3c80000)
 Metaspace       used 5441K, capacity 6704K, committed 6784K, reserved 1056768K
  class space    used 562K, capacity 616K, committed 640K, reserved 1048576K
}
Event: 3,315 GC heap before
{Heap before GC invocations=15 (full 0):
 PSYoungGen      total 34304K, used 32832K [0x00000000eab00000, 0x00000000ed000000, 0x0000000100000000)
  eden space 30720K, 100% used [0x00000000eab00000,0x00000000ec900000,0x00000000ec900000)
  from space 3584K, 58% used [0x00000000ecc80000,0x00000000ece90000,0x00000000ed000000)
  to   space 3584K, 0% used [0x00000000ec900000,0x00000000ec900000,0x00000000ecc80000)
 ParOldGen       total 61952K, used 11848K [0x00000000c0000000, 0x00000000c3c80000, 0x00000000eab00000)
  object space 61952K, 19% used [0x00000000c0000000,0x00000000c0b922c0,0x00000000c3c80000)
 Metaspace       used 5445K, capacity 6704K, committed 6784K, reserved 1056768K
  class space    used 562K, capacity 616K, committed 640K, reserved 1048576K
Event: 3,360 GC heap after
Heap after GC invocations=15 (full 0):
 PSYoungGen      total 34304K, used 3569K [0x00000000eab00000, 0x00000000ee500000, 0x0000000100000000)
  eden space 30720K, 0% used [0x00000000eab00000,0x00000000eab00000,0x00000000ec900000)
  from space 3584K, 99% used [0x00000000ec900000,0x00000000ecc7c6e8,0x00000000ecc80000)
  to   space 5120K, 0% used [0x00000000ee000000,0x00000000ee000000,0x00000000ee500000)
 ParOldGen       total 61952K, used 14898K [0x00000000c0000000, 0x00000000c3c80000, 0x00000000eab00000)
  object space 61952K, 24% used [0x00000000c0000000,0x00000000c0e8ca98,0x00000000c3c80000)
 Metaspace       used 5445K, capacity 6704K, committed 6784K, reserved 1056768K
  class space    used 562K, capacity 616K, committed 640K, reserved 1048576K
}
Event: 3,647 GC heap before
{Heap before GC invocations=16 (full 0):
 PSYoungGen      total 34304K, used 34289K [0x00000000eab00000, 0x00000000ee500000, 0x0000000100000000)
  eden space 30720K, 100% used [0x00000000eab00000,0x00000000ec900000,0x00000000ec900000)
  from space 3584K, 99% used [0x00000000ec900000,0x00000000ecc7c6e8,0x00000000ecc80000)
  to   space 5120K, 0% used [0x00000000ee000000,0x00000000ee000000,0x00000000ee500000)
 ParOldGen       total 61952K, used 14898K [0x00000000c0000000, 0x00000000c3c80000, 0x00000000eab00000)
  object space 61952K, 24% used [0x00000000c0000000,0x00000000c0e8ca98,0x00000000c3c80000)
 Metaspace       used 5500K, capacity 6768K, committed 7040K, reserved 1056768K
  class space    used 566K, capacity 616K, committed 640K, reserved 1048576K
Event: 3,684 GC heap after
Heap after GC invocations=16 (full 0):
 PSYoungGen      total 53248K, used 4640K [0x00000000eab00000, 0x00000000ee700000, 0x0000000100000000)
  eden space 48128K, 0% used [0x00000000eab00000,0x00000000eab00000,0x00000000eda00000)
  from space 5120K, 90% used [0x00000000ee000000,0x00000000ee488000,0x00000000ee500000)
  to   space 6144K, 0% used [0x00000000eda00000,0x00000000eda00000,0x00000000ee000000)
 ParOldGen       total 61952K, used 18498K [0x00000000c0000000, 0x00000000c3c80000, 0x00000000eab00000)
  object space 61952K, 29% used [0x00000000c0000000,0x00000000c1210800,0x00000000c3c80000)
 Metaspace       used 5500K, capacity 6768K, committed 7040K, reserved 1056768K
  class space    used 566K, capacity 616K, committed 640K, reserved 1048576K
}
Event: 4,027 GC heap before
{Heap before GC invocations=17 (full 0):
 PSYoungGen      total 53248K, used 52768K [0x00000000eab00000, 0x00000000ee700000, 0x0000000100000000)
  eden space 48128K, 100% used [0x00000000eab00000,0x00000000eda00000,0x00000000eda00000)
  from space 5120K, 90% used [0x00000000ee000000,0x00000000ee488000,0x00000000ee500000)
  to   space 6144K, 0% used [0x00000000eda00000,0x00000000eda00000,0x00000000ee000000)
 ParOldGen       total 61952K, used 18498K [0x00000000c0000000, 0x00000000c3c80000, 0x00000000eab00000)
  object space 61952K, 29% used [0x00000000c0000000,0x00000000c1210800,0x00000000c3c80000)
 Metaspace       used 5510K, capacity 6768K, committed 7040K, reserved 1056768K
  class space    used 566K, capacity 616K, committed 640K, reserved 1048576K
Event: 4,073 GC heap after
Heap after GC invocations=17 (full 0):
 PSYoungGen      total 54272K, used 6144K [0x00000000eab00000, 0x00000000eff00000, 0x0000000100000000)
  eden space 48128K, 0% used [0x00000000eab00000,0x00000000eab00000,0x00000000eda00000)
  from space 6144K, 100% used [0x00000000eda00000,0x00000000ee000000,0x00000000ee000000)
  to   space 9216K, 0% used [0x00000000ef600000,0x00000000ef600000,0x00000000eff00000)
 ParOldGen       total 61952K, used 23912K [0x00000000c0000000, 0x00000000c3c80000, 0x00000000eab00000)
  object space 61952K, 38% used [0x00000000c0000000,0x00000000c175a248,0x00000000c3c80000)
 Metaspace       used 5510K, capacity 6768K, committed 7040K, reserved 1056768K
  class space    used 566K, capacity 616K, committed 640K, reserved 1048576K
}
Event: 4,455 GC heap before
{Heap before GC invocations=18 (full 0):
 PSYoungGen      total 54272K, used 54272K [0x00000000eab00000, 0x00000000eff00000, 0x0000000100000000)
  eden space 48128K, 100% used [0x00000000eab00000,0x00000000eda00000,0x00000000eda00000)
  from space 6144K, 100% used [0x00000000eda00000,0x00000000ee000000,0x00000000ee000000)
  to   space 9216K, 0% used [0x00000000ef600000,0x00000000ef600000,0x00000000eff00000)
 ParOldGen       total 61952K, used 23912K [0x00000000c0000000, 0x00000000c3c80000, 0x00000000eab00000)
  object space 61952K, 38% used [0x00000000c0000000,0x00000000c175a248,0x00000000c3c80000)
 Metaspace       used 5518K, capacity 6768K, committed 7040K, reserved 1056768K
  class space    used 566K, capacity 616K, committed 640K, reserved 1048576K
Event: 4,497 GC heap after
Heap after GC invocations=18 (full 0):
 PSYoungGen      total 76288K, used 7073K [0x00000000eab00000, 0x00000000f0000000, 0x0000000100000000)
  eden space 67072K, 0% used [0x00000000eab00000,0x00000000eab00000,0x00000000eec80000)
  from space 9216K, 76% used [0x00000000ef600000,0x00000000efce8420,0x00000000eff00000)
  to   space 9728K, 0% used [0x00000000eec80000,0x00000000eec80000,0x00000000ef600000)
 ParOldGen       total 61952K, used 30090K [0x00000000c0000000, 0x00000000c3c80000, 0x00000000eab00000)
  object space 61952K, 48% used [0x00000000c0000000,0x00000000c1d62830,0x00000000c3c80000)
 Metaspace       used 5518K, capacity 6768K, committed 7040K, reserved 1056768K
  class space    used 566K, capacity 616K, committed 640K, reserved 1048576K
}
Event: 5,004 GC heap before
{Heap before GC invocations=19 (full 0):
 PSYoungGen      total 76288K, used 74145K [0x00000000eab00000, 0x00000000f0000000, 0x0000000100000000)
  eden space 67072K, 100% used [0x00000000eab00000,0x00000000eec80000,0x00000000eec80000)
  from space 9216K, 76% used [0x00000000ef600000,0x00000000efce8420,0x00000000eff00000)
  to   space 9728K, 0% used [0x00000000eec80000,0x00000000eec80000,0x00000000ef600000)
 ParOldGen       total 61952K, used 30090K [0x00000000c0000000, 0x00000000c3c80000, 0x00000000eab00000)
  object space 61952K, 48% used [0x00000000c0000000,0x00000000c1d62830,0x00000000c3c80000)
 Metaspace       used 5521K, capacity 6768K, committed 7040K, reserved 1056768K
  class space    used 566K, capacity 616K, committed 640K, reserved 1048576K

Deoptimization events (10 events):
Event: 3,950 Thread 0x00007f9f7400a000 Uncommon trap: reason=bimorphic action=maybe_recompile pc=0x00007f9f656a2268 method=com.android.dx.cf.code.BytecodeArray.parseInstruction(ILcom/android/dx/cf/code/BytecodeArray$Visitor;)I @ 1035
Event: 3,950 Thread 0x00007f9f7400a000 Uncommon trap: reason=bimorphic action=maybe_recompile pc=0x00007f9f656a2268 method=com.android.dx.cf.code.BytecodeArray.parseInstruction(ILcom/android/dx/cf/code/BytecodeArray$Visitor;)I @ 1035
Event: 3,950 Thread 0x00007f9f7400a000 Uncommon trap: reason=bimorphic action=maybe_recompile pc=0x00007f9f656a2268 method=com.android.dx.cf.code.BytecodeArray.parseInstruction(ILcom/android/dx/cf/code/BytecodeArray$Visitor;)I @ 1035
Event: 4,000 Thread 0x00007f9f7400a000 Uncommon trap: reason=bimorphic action=maybe_recompile pc=0x00007f9f656c8fac method=java.util.HashMap.getNode(ILjava/lang/Object;)Ljava/util/HashMap$Node; @ 126
Event: 4,000 Thread 0x00007f9f7400a000 Uncommon trap: reason=bimorphic action=maybe_recompile pc=0x00007f9f656c8fac method=java.util.HashMap.getNode(ILjava/lang/Object;)Ljava/util/HashMap$Node; @ 126
Event: 4,000 Thread 0x00007f9f7400a000 Uncommon trap: reason=bimorphic action=maybe_recompile pc=0x00007f9f656c8fac method=java.util.HashMap.getNode(ILjava/lang/Object;)Ljava/util/HashMap$Node; @ 126
Event: 4,000 Thread 0x00007f9f7400a000 Uncommon trap: reason=bimorphic action=maybe_recompile pc=0x00007f9f656c8fac method=java.util.HashMap.getNode(ILjava/lang/Object;)Ljava/util/HashMap$Node; @ 126
Event: 4,559 Thread 0x00007f9f7400a000 Uncommon trap: reason=bimorphic action=maybe_recompile pc=0x00007f9f65718f44 method=com.android.dx.cf.code.BytecodeArray.parseInstruction(ILcom/android/dx/cf/code/BytecodeArray$Visitor;)I @ 987
Event: 4,559 Thread 0x00007f9f7400a000 Uncommon trap: reason=bimorphic action=maybe_recompile pc=0x00007f9f657190f0 method=com.android.dx.cf.code.BytecodeArray.parseInstruction(ILcom/android/dx/cf/code/BytecodeArray$Visitor;)I @ 1051
Event: 4,559 Thread 0x00007f9f7400a000 Uncommon trap: reason=bimorphic action=maybe_recompile pc=0x00007f9f657190f0 method=com.android.dx.cf.code.BytecodeArray.parseInstruction(ILcom/android/dx/cf/code/BytecodeArray$Visitor;)I @ 1051

Internal exceptions (10 events):
Event: 2,048 Thread 0x00007f9f7400a000 Exception <a 'java/security/PrivilegedActionException'> (0x00000000eacd8d80) thrown at [/HUDSON/workspace/8-2-build-linux-amd64/jdk8u5/2488/hotspot/src/share/vm/prims/jvm.cpp, line 1248]
Event: 2,071 Thread 0x00007f9f7400a000 Exception <a 'java/security/PrivilegedActionException'> (0x00000000eae82b50) thrown at [/HUDSON/workspace/8-2-build-linux-amd64/jdk8u5/2488/hotspot/src/share/vm/prims/jvm.cpp, line 1248]
Event: 2,487 Thread 0x00007f9f7400a000 Exception <a 'java/lang/ArrayIndexOutOfBoundsException': 18> (0x00000000ebc583f8) thrown at [/HUDSON/workspace/8-2-build-linux-amd64/jdk8u5/2488/hotspot/src/share/vm/interpreter/interpreterRuntime.cpp, line 337]
Event: 2,488 Thread 0x00007f9f7400a000 Exception <a 'java/lang/ArrayIndexOutOfBoundsException'> (0x00000000ebc59e90) thrown at [/HUDSON/workspace/8-2-build-linux-amd64/jdk8u5/2488/hotspot/src/share/vm/runtime/sharedRuntime.cpp, line 595]
Event: 2,488 Thread 0x00007f9f7400a000 Exception <a 'java/lang/ArrayIndexOutOfBoundsException'> (0x00000000ebc5b0a8) thrown at [/HUDSON/workspace/8-2-build-linux-amd64/jdk8u5/2488/hotspot/src/share/vm/runtime/sharedRuntime.cpp, line 595]
Event: 3,634 Thread 0x00007f9f7400a000 Exception <a 'java/security/PrivilegedActionException'> (0x00000000ec81e0c8) thrown at [/HUDSON/workspace/8-2-build-linux-amd64/jdk8u5/2488/hotspot/src/share/vm/prims/jvm.cpp, line 1248]
Event: 3,635 Thread 0x00007f9f7400a000 Exception <a 'java/security/PrivilegedActionException'> (0x00000000ec8204d0) thrown at [/HUDSON/workspace/8-2-build-linux-amd64/jdk8u5/2488/hotspot/src/share/vm/prims/jvm.cpp, line 1248]
Event: 3,637 Thread 0x00007f9f7400a000 Exception <a 'java/security/PrivilegedActionException'> (0x00000000ec858ce0) thrown at [/HUDSON/workspace/8-2-build-linux-amd64/jdk8u5/2488/hotspot/src/share/vm/prims/jvm.cpp, line 1248]
Event: 3,638 Thread 0x00007f9f7400a000 Exception <a 'java/security/PrivilegedActionException'> (0x00000000ec85da68) thrown at [/HUDSON/workspace/8-2-build-linux-amd64/jdk8u5/2488/hotspot/src/share/vm/prims/jvm.cpp, line 1248]
Event: 3,639 Thread 0x00007f9f7400a000 Exception <a 'java/security/PrivilegedActionException'> (0x00000000ec8623d0) thrown at [/HUDSON/workspace/8-2-build-linux-amd64/jdk8u5/2488/hotspot/src/share/vm/prims/jvm.cpp, line 1248]

Events (10 events):
Event: 4,559 Thread 0x00007f9f7400a000 DEOPT UNPACKING pc=0x00007f9f65047250 sp=0x00007f9f7c5ea898 mode 2
Event: 4,605 Thread 0x00007f9f7400a000 DEOPT PACKING pc=0x00007f9f6548d44f sp=0x00007f9f7c5ea8b0
Event: 4,605 Thread 0x00007f9f7400a000 DEOPT UNPACKING pc=0x00007f9f6504701a sp=0x00007f9f7c5ea630 mode 0
Event: 4,778 Thread 0x00007f9f7400a000 DEOPT PACKING pc=0x00007f9f656b3aa5 sp=0x00007f9f7c5ea8b0
Event: 4,778 Thread 0x00007f9f7400a000 DEOPT UNPACKING pc=0x00007f9f6504701a sp=0x00007f9f7c5ea638 mode 0
Event: 4,853 Thread 0x00007f9f7400a000 DEOPT PACKING pc=0x00007f9f6537c913 sp=0x00007f9f7c5e9ff0
Event: 4,853 Thread 0x00007f9f7400a000 DEOPT UNPACKING pc=0x00007f9f6504701a sp=0x00007f9f7c5e9db8 mode 0
Event: 4,957 Thread 0x00007f9f7400a000 DEOPT PACKING pc=0x00007f9f6536683e sp=0x00007f9f7c5ea960
Event: 4,957 Thread 0x00007f9f7400a000 DEOPT UNPACKING pc=0x00007f9f6504701a sp=0x00007f9f7c5ea700 mode 0
Event: 5,004 Executing VM operation: ParallelGCFailedAllocation


Dynamic libraries:
00400000-00401000 r-xp 00000000 08:01 524338                             /opt/jdk1.8.0_05/bin/java
00600000-00601000 rw-p 00000000 08:01 524338                             /opt/jdk1.8.0_05/bin/java
019ea000-01a0b000 rw-p 00000000 00:00 0                                  [heap]
c0000000-c3c80000 rw-p 00000000 00:00 0 
c3c80000-eab00000 ---p 00000000 00:00 0 
eab00000-f0000000 rw-p 00000000 00:00 0 
f2200000-100000000 ---p 00000000 00:00 0 
100000000-1000a0000 rw-p 00000000 00:00 0 
1000a0000-140000000 ---p 00000000 00:00 0 
7f9f34000000-7f9f34021000 rw-p 00000000 00:00 0 
7f9f34021000-7f9f38000000 ---p 00000000 00:00 0 
7f9f3c000000-7f9f3c729000 rw-p 00000000 00:00 0 
7f9f3c729000-7f9f40000000 ---p 00000000 00:00 0 
7f9f40000000-7f9f40021000 rw-p 00000000 00:00 0 
7f9f40021000-7f9f44000000 ---p 00000000 00:00 0 
7f9f44000000-7f9f44021000 rw-p 00000000 00:00 0 
7f9f44021000-7f9f48000000 ---p 00000000 00:00 0 
7f9f48000000-7f9f48be8000 rw-p 00000000 00:00 0 
7f9f48be8000-7f9f4c000000 ---p 00000000 00:00 0 
7f9f4c000000-7f9f4c021000 rw-p 00000000 00:00 0 
7f9f4c021000-7f9f50000000 ---p 00000000 00:00 0 
7f9f50000000-7f9f50021000 rw-p 00000000 00:00 0 
7f9f50021000-7f9f54000000 ---p 00000000 00:00 0 
7f9f54000000-7f9f54021000 rw-p 00000000 00:00 0 
7f9f54021000-7f9f58000000 ---p 00000000 00:00 0 
7f9f58000000-7f9f58271000 rw-p 00000000 00:00 0 
7f9f58271000-7f9f5c000000 ---p 00000000 00:00 0 
7f9f5c000000-7f9f5c021000 rw-p 00000000 00:00 0 
7f9f5c021000-7f9f60000000 ---p 00000000 00:00 0 
7f9f61620000-7f9f61621000 ---p 00000000 00:00 0 
7f9f61621000-7f9f61721000 rw-p 00000000 00:00 0                          [stack:18760]
7f9f61721000-7f9f61724000 ---p 00000000 00:00 0 
7f9f61724000-7f9f61822000 rw-p 00000000 00:00 0                          [stack:18758]
7f9f61822000-7f9f61825000 ---p 00000000 00:00 0 
7f9f61825000-7f9f61923000 rw-p 00000000 00:00 0                          [stack:18755]
7f9f61923000-7f9f61926000 ---p 00000000 00:00 0 
7f9f61926000-7f9f61a24000 rw-p 00000000 00:00 0                          [stack:18753]
7f9f61a24000-7f9f61a27000 ---p 00000000 00:00 0 
7f9f61a27000-7f9f61b25000 rw-p 00000000 00:00 0                          [stack:18752]
7f9f61b25000-7f9f624f5000 r--p 00000000 08:01 8407776                    /usr/lib/locale/locale-archive
7f9f624f5000-7f9f624f8000 ---p 00000000 00:00 0 
7f9f624f8000-7f9f625f6000 rw-p 00000000 00:00 0                          [stack:18749]
7f9f625f6000-7f9f625f9000 ---p 00000000 00:00 0 
7f9f625f9000-7f9f626f7000 rw-p 00000000 00:00 0                          [stack:18747]
7f9f626f7000-7f9f626f8000 ---p 00000000 00:00 0 
7f9f626f8000-7f9f65000000 rw-p 00000000 00:00 0                          [stack:18745]
7f9f65000000-7f9f65740000 rwxp 00000000 00:00 0 
7f9f65740000-7f9f74000000 ---p 00000000 00:00 0 
7f9f74000000-7f9f7440c000 rw-p 00000000 00:00 0 
7f9f7440c000-7f9f78000000 ---p 00000000 00:00 0 
7f9f780b7000-7f9f780dd000 r--p 00000000 08:01 12589966                   /usr/share/locale-langpack/de/LC_MESSAGES/libc.mo
7f9f780dd000-7f9f781de000 rw-p 00000000 00:00 0 
7f9f781de000-7f9f783b3000 r--s 03c4d000 08:01 525741                     /opt/jdk1.8.0_05/jre/lib/rt.jar
7f9f783b3000-7f9f78a69000 rw-p 00000000 00:00 0 
7f9f78a69000-7f9f78c29000 ---p 00000000 00:00 0 
7f9f78c29000-7f9f78e29000 rw-p 00000000 00:00 0 
7f9f78e29000-7f9f78e2a000 ---p 00000000 00:00 0 
7f9f78e2a000-7f9f78f2a000 rw-p 00000000 00:00 0                          [stack:18744]
7f9f78f2a000-7f9f78f2b000 ---p 00000000 00:00 0 
7f9f78f2b000-7f9f7904a000 rw-p 00000000 00:00 0                          [stack:18742]
7f9f7904a000-7f9f79181000 ---p 00000000 00:00 0 
7f9f79181000-7f9f791a0000 rw-p 00000000 00:00 0 
7f9f791a0000-7f9f792d6000 ---p 00000000 00:00 0 
7f9f792d6000-7f9f79301000 rw-p 00000000 00:00 0 
7f9f79301000-7f9f79381000 ---p 00000000 00:00 0 
7f9f79381000-7f9f7939f000 rw-p 00000000 00:00 0 
7f9f7939f000-7f9f79742000 ---p 00000000 00:00 0 
7f9f79742000-7f9f7975e000 r-xp 00000000 08:01 525935                     /opt/jdk1.8.0_05/jre/lib/amd64/libzip.so
7f9f7975e000-7f9f7995d000 ---p 0001c000 08:01 525935                     /opt/jdk1.8.0_05/jre/lib/amd64/libzip.so
7f9f7995d000-7f9f7995e000 rw-p 0001b000 08:01 525935                     /opt/jdk1.8.0_05/jre/lib/amd64/libzip.so
7f9f7995e000-7f9f79969000 r-xp 00000000 08:01 16002795                   /lib/x86_64-linux-gnu/libnss_files-2.19.so
7f9f79969000-7f9f79b68000 ---p 0000b000 08:01 16002795                   /lib/x86_64-linux-gnu/libnss_files-2.19.so
7f9f79b68000-7f9f79b69000 r--p 0000a000 08:01 16002795                   /lib/x86_64-linux-gnu/libnss_files-2.19.so
7f9f79b69000-7f9f79b6a000 rw-p 0000b000 08:01 16002795                   /lib/x86_64-linux-gnu/libnss_files-2.19.so
7f9f79b6a000-7f9f79b75000 r-xp 00000000 08:01 16002792                   /lib/x86_64-linux-gnu/libnss_nis-2.19.so
7f9f79b75000-7f9f79d74000 ---p 0000b000 08:01 16002792                   /lib/x86_64-linux-gnu/libnss_nis-2.19.so
7f9f79d74000-7f9f79d75000 r--p 0000a000 08:01 16002792                   /lib/x86_64-linux-gnu/libnss_nis-2.19.so
7f9f79d75000-7f9f79d76000 rw-p 0000b000 08:01 16002792                   /lib/x86_64-linux-gnu/libnss_nis-2.19.so
7f9f79d76000-7f9f79d8d000 r-xp 00000000 08:01 16002786                   /lib/x86_64-linux-gnu/libnsl-2.19.so
7f9f79d8d000-7f9f79f8c000 ---p 00017000 08:01 16002786                   /lib/x86_64-linux-gnu/libnsl-2.19.so
7f9f79f8c000-7f9f79f8d000 r--p 00016000 08:01 16002786                   /lib/x86_64-linux-gnu/libnsl-2.19.so
7f9f79f8d000-7f9f79f8e000 rw-p 00017000 08:01 16002786                   /lib/x86_64-linux-gnu/libnsl-2.19.so
7f9f79f8e000-7f9f79f90000 rw-p 00000000 00:00 0 
7f9f79f90000-7f9f79f99000 r-xp 00000000 08:01 16002783                   /lib/x86_64-linux-gnu/libnss_compat-2.19.so
7f9f79f99000-7f9f7a198000 ---p 00009000 08:01 16002783                   /lib/x86_64-linux-gnu/libnss_compat-2.19.so
7f9f7a198000-7f9f7a199000 r--p 00008000 08:01 16002783                   /lib/x86_64-linux-gnu/libnss_compat-2.19.so
7f9f7a199000-7f9f7a19a000 rw-p 00009000 08:01 16002783                   /lib/x86_64-linux-gnu/libnss_compat-2.19.so
7f9f7a19a000-7f9f7a1c4000 r-xp 00000000 08:01 525930                     /opt/jdk1.8.0_05/jre/lib/amd64/libjava.so
7f9f7a1c4000-7f9f7a3c4000 ---p 0002a000 08:01 525930                     /opt/jdk1.8.0_05/jre/lib/amd64/libjava.so
7f9f7a3c4000-7f9f7a3c6000 rw-p 0002a000 08:01 525930                     /opt/jdk1.8.0_05/jre/lib/amd64/libjava.so
7f9f7a3c6000-7f9f7a3d3000 r-xp 00000000 08:01 525934                     /opt/jdk1.8.0_05/jre/lib/amd64/libverify.so
7f9f7a3d3000-7f9f7a5d3000 ---p 0000d000 08:01 525934                     /opt/jdk1.8.0_05/jre/lib/amd64/libverify.so
7f9f7a5d3000-7f9f7a5d5000 rw-p 0000d000 08:01 525934                     /opt/jdk1.8.0_05/jre/lib/amd64/libverify.so
7f9f7a5d5000-7f9f7a5dc000 r-xp 00000000 08:01 16002778                   /lib/x86_64-linux-gnu/librt-2.19.so
7f9f7a5dc000-7f9f7a7db000 ---p 00007000 08:01 16002778                   /lib/x86_64-linux-gnu/librt-2.19.so
7f9f7a7db000-7f9f7a7dc000 r--p 00006000 08:01 16002778                   /lib/x86_64-linux-gnu/librt-2.19.so
7f9f7a7dc000-7f9f7a7dd000 rw-p 00007000 08:01 16002778                   /lib/x86_64-linux-gnu/librt-2.19.so
7f9f7a7dd000-7f9f7a8e2000 r-xp 00000000 08:01 16002785                   /lib/x86_64-linux-gnu/libm-2.19.so
7f9f7a8e2000-7f9f7aae1000 ---p 00105000 08:01 16002785                   /lib/x86_64-linux-gnu/libm-2.19.so
7f9f7aae1000-7f9f7aae2000 r--p 00104000 08:01 16002785                   /lib/x86_64-linux-gnu/libm-2.19.so
7f9f7aae2000-7f9f7aae3000 rw-p 00105000 08:01 16002785                   /lib/x86_64-linux-gnu/libm-2.19.so
7f9f7aae3000-7f9f7b6fd000 r-xp 00000000 08:01 525916                     /opt/jdk1.8.0_05/jre/lib/amd64/server/libjvm.so
7f9f7b6fd000-7f9f7b8fc000 ---p 00c1a000 08:01 525916                     /opt/jdk1.8.0_05/jre/lib/amd64/server/libjvm.so
7f9f7b8fc000-7f9f7b9c5000 rw-p 00c19000 08:01 525916                     /opt/jdk1.8.0_05/jre/lib/amd64/server/libjvm.so
7f9f7b9c5000-7f9f7ba06000 rw-p 00000000 00:00 0 
7f9f7ba06000-7f9f7bbc1000 r-xp 00000000 08:01 16002777                   /lib/x86_64-linux-gnu/libc-2.19.so
7f9f7bbc1000-7f9f7bdc1000 ---p 001bb000 08:01 16002777                   /lib/x86_64-linux-gnu/libc-2.19.so
7f9f7bdc1000-7f9f7bdc5000 r--p 001bb000 08:01 16002777                   /lib/x86_64-linux-gnu/libc-2.19.so
7f9f7bdc5000-7f9f7bdc7000 rw-p 001bf000 08:01 16002777                   /lib/x86_64-linux-gnu/libc-2.19.so
7f9f7bdc7000-7f9f7bdcc000 rw-p 00000000 00:00 0 
7f9f7bdcc000-7f9f7bdcf000 r-xp 00000000 08:01 16002781                   /lib/x86_64-linux-gnu/libdl-2.19.so
7f9f7bdcf000-7f9f7bfce000 ---p 00003000 08:01 16002781                   /lib/x86_64-linux-gnu/libdl-2.19.so
7f9f7bfce000-7f9f7bfcf000 r--p 00002000 08:01 16002781                   /lib/x86_64-linux-gnu/libdl-2.19.so
7f9f7bfcf000-7f9f7bfd0000 rw-p 00003000 08:01 16002781                   /lib/x86_64-linux-gnu/libdl-2.19.so
7f9f7bfd0000-7f9f7bfe7000 r-xp 00000000 08:01 525557                     /opt/jdk1.8.0_05/lib/amd64/jli/libjli.so
7f9f7bfe7000-7f9f7c1e6000 ---p 00017000 08:01 525557                     /opt/jdk1.8.0_05/lib/amd64/jli/libjli.so
7f9f7c1e6000-7f9f7c1e7000 rw-p 00016000 08:01 525557                     /opt/jdk1.8.0_05/lib/amd64/jli/libjli.so
7f9f7c1e7000-7f9f7c200000 r-xp 00000000 08:01 16002794                   /lib/x86_64-linux-gnu/libpthread-2.19.so
7f9f7c200000-7f9f7c3ff000 ---p 00019000 08:01 16002794                   /lib/x86_64-linux-gnu/libpthread-2.19.so
7f9f7c3ff000-7f9f7c400000 r--p 00018000 08:01 16002794                   /lib/x86_64-linux-gnu/libpthread-2.19.so
7f9f7c400000-7f9f7c401000 rw-p 00019000 08:01 16002794                   /lib/x86_64-linux-gnu/libpthread-2.19.so
7f9f7c401000-7f9f7c405000 rw-p 00000000 00:00 0 
7f9f7c405000-7f9f7c428000 r-xp 00000000 08:01 15991001                   /lib/x86_64-linux-gnu/ld-2.19.so
7f9f7c432000-7f9f7c442000 r--s 000a9000 00:26 5529909                    /home/mblank/AndroidstudioProjects/ItopEnterprise/app/build/intermediates/exploded-aar/com.android.support/support-v4/21.0.0/classes.jar
7f9f7c442000-7f9f7c4ec000 rw-p 00000000 00:00 0 
7f9f7c4ec000-7f9f7c4ef000 ---p 00000000 00:00 0 
7f9f7c4ef000-7f9f7c5f2000 rw-p 00000000 00:00 0                          [stack:18740]
7f9f7c5f2000-7f9f7c5f9000 r--s 00000000 08:01 8931252                    /usr/lib/x86_64-linux-gnu/gconv/gconv-modules.cache
7f9f7c5f9000-7f9f7c607000 r--s 000b4000 08:01 2884729                    /opt/android-sdk/build-tools/20.0.0/lib/dx.jar
7f9f7c607000-7f9f7c61b000 rw-p 00000000 00:00 0 
7f9f7c61b000-7f9f7c623000 rw-s 00000000 00:13 2163948                    /tmp/hsperfdata_mblank/18724
7f9f7c623000-7f9f7c624000 rw-p 00000000 00:00 0 
7f9f7c624000-7f9f7c625000 ---p 00000000 00:00 0 
7f9f7c625000-7f9f7c627000 rw-p 00000000 00:00 0 
7f9f7c627000-7f9f7c628000 r--p 00022000 08:01 15991001                   /lib/x86_64-linux-gnu/ld-2.19.so
7f9f7c628000-7f9f7c629000 rw-p 00023000 08:01 15991001                   /lib/x86_64-linux-gnu/ld-2.19.so
7f9f7c629000-7f9f7c62a000 rw-p 00000000 00:00 0 
7fffffc51000-7fffffc73000 rw-p 00000000 00:00 0                          [stack]
7fffffd58000-7fffffd5a000 r-xp 00000000 00:00 0                          [vdso]
ffffffffff600000-ffffffffff601000 r-xp 00000000 00:00 0                  [vsyscall]

VM Arguments:
jvm_args: -Xmx1024M 
java_command: /opt/android-sdk/build-tools/20.0.0/lib/dx.jar --dex --output /home/mblank/AndroidstudioProjects/ItopEnterprise/app/build/intermediates/pre-dexed/debug/classes-397ca811a2e70ebb05b221605d9851f23fd58d0d.jar /home/mblank/AndroidstudioProjects/ItopEnterprise/app/build/intermediates/exploded-aar/com.android.support/support-v4/21.0.0/classes.jar
java_class_path (initial): /opt/android-sdk/build-tools/20.0.0/lib/dx.jar
Launcher Type: SUN_STANDARD

Environment Variables:
CLASSPATH=/opt/android-studio/bin/../lib/bootstrap.jar:/opt/android-studio/bin/../lib/extensions.jar:/opt/android-studio/bin/../lib/util.jar:/opt/android-studio/bin/../lib/jdom.jar:/opt/android-studio/bin/../lib/log4j.jar:/opt/android-studio/bin/../lib/trove4j.jar:/opt/android-studio/bin/../lib/jna.jar:/opt/jdk1.8.0_05/lib/tools.jar
PATH=/home/mblank/bin:/usr/local/sbin:/usr/local/bin:/usr/sbin:/usr/bin:/sbin:/bin:/usr/games:/usr/local/games:/opt/android-sdk/tools:/opt/android-sdk/platform-tools/:/home/mblank/fdroid/fdroidserver/:/opt/android-studio/bin/
LD_LIBRARY_PATH=/opt/android-studio/bin:
SHELL=/bin/bash
DISPLAY=:0

Signal Handlers:
SIGSEGV: [libjvm.so+0xa2fc90], sa_mask[0]=0x7ffbfeff, sa_flags=0x10000004
SIGBUS: [libjvm.so+0xa2fc90], sa_mask[0]=0x7ffbfeff, sa_flags=0x10000004
SIGFPE: [libjvm.so+0x89b4b0], sa_mask[0]=0x7ffbfeff, sa_flags=0x10000004
SIGPIPE: [libjvm.so+0x89b4b0], sa_mask[0]=0x7ffbfeff, sa_flags=0x10000004
SIGXFSZ: [libjvm.so+0x89b4b0], sa_mask[0]=0x7ffbfeff, sa_flags=0x10000004
SIGILL: [libjvm.so+0x89b4b0], sa_mask[0]=0x7ffbfeff, sa_flags=0x10000004
SIGUSR1: SIG_DFL, sa_mask[0]=0x00000000, sa_flags=0x00000000
SIGUSR2: [libjvm.so+0x89cc50], sa_mask[0]=0x00000004, sa_flags=0x10000004
SIGHUP: [libjvm.so+0x89df00], sa_mask[0]=0x7ffbfeff, sa_flags=0x10000004
SIGINT: [libjvm.so+0x89df00], sa_mask[0]=0x7ffbfeff, sa_flags=0x10000004
SIGTERM: [libjvm.so+0x89df00], sa_mask[0]=0x7ffbfeff, sa_flags=0x10000004
SIGQUIT: [libjvm.so+0x89df00], sa_mask[0]=0x7ffbfeff, sa_flags=0x10000004


---------------  S Y S T E M  ---------------

OS:DISTRIB_ID=Ubuntu
DISTRIB_RELEASE=14.04
DISTRIB_CODENAME=trusty
DISTRIB_DESCRIPTION="Ubuntu 14.04.2 LTS"

uname:Linux 3.13.0-45-generic #74-Ubuntu SMP Tue Jan 13 19:36:28 UTC 2015 x86_64
libc:glibc 2.19 NPTL 2.19 
rlimit: STACK 8192k, CORE 0k, NPROC 30850, NOFILE 4096, AS infinity
load average:4,82 3,11 1,85

/proc/meminfo:
MemTotal:        3978136 kB
MemFree:           95392 kB
Buffers:             448 kB
Cached:            85620 kB
SwapCached:            0 kB
Active:          3551288 kB
Inactive:          78472 kB
Active(anon):    3545196 kB
Inactive(anon):    64872 kB
Active(file):       6092 kB
Inactive(file):    13600 kB
Unevictable:          68 kB
Mlocked:              68 kB
SwapTotal:             0 kB
SwapFree:              0 kB
Dirty:               108 kB
Writeback:             0 kB
AnonPages:       3543968 kB
Mapped:           134612 kB
Shmem:             66188 kB
Slab:              90796 kB
SReclaimable:      37208 kB
SUnreclaim:        53588 kB
KernelStack:        4872 kB
PageTables:        42112 kB
NFS_Unstable:          0 kB
Bounce:                0 kB
WritebackTmp:          0 kB
CommitLimit:     1989068 kB
Committed_AS:    7415708 kB
VmallocTotal:   34359738367 kB
VmallocUsed:      111984 kB
VmallocChunk:   34359622140 kB
HardwareCorrupted:     0 kB
AnonHugePages:   1683456 kB
HugePages_Total:       0
HugePages_Free:        0
HugePages_Rsvd:        0
HugePages_Surp:        0
Hugepagesize:       2048 kB
DirectMap4k:      302796 kB
DirectMap2M:     3821568 kB


CPU:total 2 (2 cores per cpu, 1 threads per core) family 6 model 23 stepping 10, cmov, cx8, fxsr, mmx, sse, sse2, sse3, ssse3, sse4.1, tsc

/proc/cpuinfo:
processor	: 0
vendor_id	: GenuineIntel
cpu family	: 6
model		: 23
model name	: Intel(R) Core(TM)2 Duo CPU     E8400  @ 3.00GHz
stepping	: 10
microcode	: 0xa07
cpu MHz		: 3000.000
cache size	: 6144 KB
physical id	: 0
siblings	: 2
core id		: 0
cpu cores	: 2
apicid		: 0
initial apicid	: 0
fpu		: yes
fpu_exception	: yes
cpuid level	: 13
wp		: yes
flags		: fpu vme de pse tsc msr pae mce cx8 apic sep mtrr pge mca cmov pat pse36 clflush dts acpi mmx fxsr sse sse2 ss ht tm pbe syscall nx lm constant_tsc arch_perfmon pebs bts rep_good nopl aperfmperf pni dtes64 monitor ds_cpl vmx smx est tm2 ssse3 cx16 xtpr pdcm sse4_1 xsave lahf_lm dtherm tpr_shadow vnmi flexpriority
bogomips	: 5985.01
clflush size	: 64
cache_alignment	: 64
address sizes	: 36 bits physical, 48 bits virtual
power management:

processor	: 1
vendor_id	: GenuineIntel
cpu family	: 6
model		: 23
model name	: Intel(R) Core(TM)2 Duo CPU     E8400  @ 3.00GHz
stepping	: 10
microcode	: 0xa07
cpu MHz		: 3000.000
cache size	: 6144 KB
physical id	: 0
siblings	: 2
core id		: 1
cpu cores	: 2
apicid		: 1
initial apicid	: 1
fpu		: yes
fpu_exception	: yes
cpuid level	: 13
wp		: yes
flags		: fpu vme de pse tsc msr pae mce cx8 apic sep mtrr pge mca cmov pat pse36 clflush dts acpi mmx fxsr sse sse2 ss ht tm pbe syscall nx lm constant_tsc arch_perfmon pebs bts rep_good nopl aperfmperf pni dtes64 monitor ds_cpl vmx smx est tm2 ssse3 cx16 xtpr pdcm sse4_1 xsave lahf_lm dtherm tpr_shadow vnmi flexpriority
bogomips	: 5985.01
clflush size	: 64
cache_alignment	: 64
address sizes	: 36 bits physical, 48 bits virtual
power management:



Memory: 4k page, physical 3978136k(94152k free), swap 0k(0k free)

vm_info: Java HotSpot(TM) 64-Bit Server VM (25.5-b02) for linux-amd64 JRE (1.8.0_05-b13), built on Mar 18 2014 00:29:27 by "java_re" with gcc 4.3.0 20080428 (Red Hat 4.3.0-8)

time: Mon Feb 23 10:01:30 2015
elapsed time: 5 seconds

