#
# There is insufficient memory for the Java Runtime Environment to continue.
# Native memory allocation (mmap) failed to map 12582912 bytes for committing reserved memory.
# Possible reasons:
#   The system is out of physical RAM or swap space
#   In 32 bit mode, the process size limit was hit
# Possible solutions:
#   Reduce memory load on the system
#   Increase physical memory or swap space
#   Check if swap backing store is full
#   Use 64 bit Java on a 64 bit OS
#   Decrease Java heap size (-Xmx/-Xms)
#   Decrease number of Java threads
#   Decrease Java thread stack sizes (-Xss)
#   Set larger code cache with -XX:ReservedCodeCacheSize=
# This output file may be truncated or incomplete.
#
#  Out of Memory Error (os_linux.cpp:2718), pid=18168, tid=139851739469568
#
# JRE version: Java(TM) SE Runtime Environment (8.0_05-b13) (build 1.8.0_05-b13)
# Java VM: Java HotSpot(TM) 64-Bit Server VM (25.5-b02 mixed mode linux-amd64 compressed oops)
# Failed to write core dump. Core dumps have been disabled. To enable core dumping, try "ulimit -c unlimited" before starting Java again
#

---------------  T H R E A D  ---------------

Current thread (0x00007f31d80f6000):  VMThread [stack: 0x00007f31c5309000,0x00007f31c540a000] [id=18179]

Stack: [0x00007f31c5309000,0x00007f31c540a000],  sp=0x00007f31c54081a0,  free space=1020k
Native frames: (J=compiled Java code, j=interpreted, Vv=VM code, C=native code)
V  [libjvm.so+0xa2f43a]  VMError::report_and_die()+0x2ca
V  [libjvm.so+0x4b2d5b]  report_vm_out_of_memory(char const*, int, unsigned long, VMErrorType, char const*)+0x8b
V  [libjvm.so+0x89e443]  os::Linux::commit_memory_impl(char*, unsigned long, bool)+0x103
V  [libjvm.so+0x89e999]  os::pd_commit_memory(char*, unsigned long, unsigned long, bool)+0x29
V  [libjvm.so+0x89863a]  os::commit_memory(char*, unsigned long, unsigned long, bool)+0x2a
V  [libjvm.so+0x909243]  PSVirtualSpace::expand_by(unsigned long)+0x53
V  [libjvm.so+0x90a648]  PSYoungGen::resize_generation(unsigned long, unsigned long)+0xf8
V  [libjvm.so+0x9097a2]  PSYoungGen::resize(unsigned long, unsigned long)+0x22
V  [libjvm.so+0x906aff]  PSScavenge::invoke_no_policy()+0xf0f
V  [libjvm.so+0x907271]  PSScavenge::invoke()+0x41
V  [libjvm.so+0x8bfed0]  ParallelScavengeHeap::failed_mem_allocate(unsigned long)+0x70
V  [libjvm.so+0xa30af7]  VM_ParallelGCFailedAllocation::doit()+0x97
V  [libjvm.so+0xa38215]  VM_Operation::evaluate()+0x55
V  [libjvm.so+0xa3660a]  VMThread::evaluate_operation(VM_Operation*)+0xba
V  [libjvm.so+0xa3698e]  VMThread::loop()+0x1ce
V  [libjvm.so+0xa36e00]  VMThread::run()+0x70
V  [libjvm.so+0x8a00c8]  java_start(Thread*)+0x108

VM_Operation (0x00007f31df12c370): ParallelGCFailedAllocation, mode: safepoint, requested by thread 0x00007f31d800a000


---------------  P R O C E S S  ---------------

Java Threads: ( => current thread )
  0x00007f31d8136000 JavaThread "Service Thread" daemon [_thread_blocked, id=18185, stack(0x00007f31c4333000,0x00007f31c4434000)]
  0x00007f31d8133800 JavaThread "C1 CompilerThread1" daemon [_thread_blocked, id=18184, stack(0x00007f31c4434000,0x00007f31c4535000)]
  0x00007f31d8130800 JavaThread "C2 CompilerThread0" daemon [_thread_blocked, id=18183, stack(0x00007f31c4535000,0x00007f31c4636000)]
  0x00007f31d812e800 JavaThread "Signal Dispatcher" daemon [_thread_blocked, id=18182, stack(0x00007f31c4636000,0x00007f31c4737000)]
  0x00007f31d80ff000 JavaThread "Finalizer" daemon [_thread_blocked, id=18181, stack(0x00007f31c5107000,0x00007f31c5208000)]
  0x00007f31d80fb000 JavaThread "Reference Handler" daemon [_thread_blocked, id=18180, stack(0x00007f31c5208000,0x00007f31c5309000)]
  0x00007f31d800a000 JavaThread "main" [_thread_blocked, id=18176, stack(0x00007f31df030000,0x00007f31df131000)]

Other Threads:
=>0x00007f31d80f6000 VMThread [stack: 0x00007f31c5309000,0x00007f31c540a000] [id=18179]
  0x00007f31d8143000 WatcherThread [stack: 0x00007f31c4232000,0x00007f31c4333000] [id=18186]

VM state:at safepoint (normal execution)

VM Mutex/Monitor currently owned by a thread:  ([mutex/lock_event])
[0x00007f31d80062a0] Threads_lock - owner thread: 0x00007f31d80f6000
[0x00007f31d80067a0] Heap_lock - owner thread: 0x00007f31d800a000

Heap:
 PSYoungGen      total 24576K, used 2784K [0x00000000eab00000, 0x00000000ec700000, 0x0000000100000000)
  eden space 20992K, 0% used [0x00000000eab00000,0x00000000eab00000,0x00000000ebf80000)
  from space 3584K, 77% used [0x00000000ebf80000,0x00000000ec238000,0x00000000ec300000)
  to   space 3072K, 0% used [0x00000000ec300000,0x00000000ec300000,0x00000000ec600000)
 ParOldGen       total 61952K, used 8951K [0x00000000c0000000, 0x00000000c3c80000, 0x00000000eab00000)
  object space 61952K, 14% used [0x00000000c0000000,0x00000000c08bdcb0,0x00000000c3c80000)
 Metaspace       used 5571K, capacity 6832K, committed 7040K, reserved 1056768K
  class space    used 564K, capacity 616K, committed 640K, reserved 1048576K

Card table byte_map: [0x00007f31dc085000,0x00007f31dc286000] byte_map_base: 0x00007f31dba85000

Marking Bits: (ParMarkBitMap*) 0x00007f31de51fcc0
 Begin Bits: [0x00007f31c68e8000, 0x00007f31c78e8000)
 End Bits:   [0x00007f31c78e8000, 0x00007f31c88e8000)

Polling page: 0x00007f31df168000

CodeCache: size=245760Kb used=5974Kb max_used=5984Kb free=239785Kb
 bounds [0x00007f31c9000000, 0x00007f31c95e0000, 0x00007f31d8000000]
 total_blobs=1956 nmethods=1698 adapters=174
 compilation: enabled

Compilation events (10 events):
Event: 22,189 Thread 0x00007f31d8133800 nmethod 1737 0x00007f31c95d5350 code [0x00007f31c95d54a0, 0x00007f31c95d55b0]
Event: 25,789 Thread 0x00007f31d8133800 1753       3       com.android.dx.dex.file.StringIdsSection::indexOf (49 bytes)
Event: 27,262 Thread 0x00007f31d8133800 nmethod 1753 0x00007f31c95d8310 code [0x00007f31c95d8500, 0x00007f31c95d8dc8]
Event: 27,387 Thread 0x00007f31d8133800 1757       3       com.android.dx.util.ByteArrayAnnotatedOutput::<init> (8 bytes)
Event: 28,320 Thread 0x00007f31d8130800 nmethod 1569 0x00007f31c95d7f50 code [0x00007f31c95d80a0, 0x00007f31c95d81d8]
Event: 28,369 Thread 0x00007f31d8130800 1755       4       java.util.Collections$UnmodifiableCollection::iterator (9 bytes)
Event: 28,914 Thread 0x00007f31d8133800 nmethod 1757 0x00007f31c95d7a90 code [0x00007f31c95d7c00, 0x00007f31c95d7e68]
Event: 29,096 Thread 0x00007f31d8133800 1767       3       com.android.dx.util.ByteArrayAnnotatedOutput::annotates (13 bytes)
Event: 30,814 Thread 0x00007f31d8133800 nmethod 1767 0x00007f31c95d4fd0 code [0x00007f31c95d5120, 0x00007f31c95d52d0]
Event: 30,947 Thread 0x00007f31d8133800 1776       3       com.android.dx.dex.file.ClassDataItem::encodeList (92 bytes)

GC Heap History (10 events):
Event: 1,263 GC heap after
Heap after GC invocations=8 (full 0):
 PSYoungGen      total 10240K, used 1824K [0x00000000eab00000, 0x00000000eb700000, 0x0000000100000000)
  eden space 8192K, 0% used [0x00000000eab00000,0x00000000eab00000,0x00000000eb300000)
  from space 2048K, 89% used [0x00000000eb500000,0x00000000eb6c8018,0x00000000eb700000)
  to   space 2048K, 0% used [0x00000000eb300000,0x00000000eb300000,0x00000000eb500000)
 ParOldGen       total 61952K, used 1739K [0x00000000c0000000, 0x00000000c3c80000, 0x00000000eab00000)
  object space 61952K, 2% used [0x00000000c0000000,0x00000000c01b2c90,0x00000000c3c80000)
 Metaspace       used 4985K, capacity 6384K, committed 6528K, reserved 1056768K
  class space    used 539K, capacity 616K, committed 640K, reserved 1048576K
}
Event: 1,617 GC heap before
{Heap before GC invocations=9 (full 0):
 PSYoungGen      total 10240K, used 10016K [0x00000000eab00000, 0x00000000eb700000, 0x0000000100000000)
  eden space 8192K, 100% used [0x00000000eab00000,0x00000000eb300000,0x00000000eb300000)
  from space 2048K, 89% used [0x00000000eb500000,0x00000000eb6c8018,0x00000000eb700000)
  to   space 2048K, 0% used [0x00000000eb300000,0x00000000eb300000,0x00000000eb500000)
 ParOldGen       total 61952K, used 1739K [0x00000000c0000000, 0x00000000c3c80000, 0x00000000eab00000)
  object space 61952K, 2% used [0x00000000c0000000,0x00000000c01b2c90,0x00000000c3c80000)
 Metaspace       used 5146K, capacity 6512K, committed 6784K, reserved 1056768K
  class space    used 540K, capacity 616K, committed 640K, reserved 1048576K
Event: 1,634 GC heap after
Heap after GC invocations=9 (full 0):
 PSYoungGen      total 10240K, used 2048K [0x00000000eab00000, 0x00000000ebe00000, 0x0000000100000000)
  eden space 8192K, 0% used [0x00000000eab00000,0x00000000eab00000,0x00000000eb300000)
  from space 2048K, 100% used [0x00000000eb300000,0x00000000eb500000,0x00000000eb500000)
  to   space 3072K, 0% used [0x00000000ebb00000,0x00000000ebb00000,0x00000000ebe00000)
 ParOldGen       total 61952K, used 2736K [0x00000000c0000000, 0x00000000c3c80000, 0x00000000eab00000)
  object space 61952K, 4% used [0x00000000c0000000,0x00000000c02ac028,0x00000000c3c80000)
 Metaspace       used 5146K, capacity 6512K, committed 6784K, reserved 1056768K
  class space    used 540K, capacity 616K, committed 640K, reserved 1048576K
}
Event: 1,867 GC heap before
{Heap before GC invocations=10 (full 0):
 PSYoungGen      total 10240K, used 10240K [0x00000000eab00000, 0x00000000ebe00000, 0x0000000100000000)
  eden space 8192K, 100% used [0x00000000eab00000,0x00000000eb300000,0x00000000eb300000)
  from space 2048K, 100% used [0x00000000eb300000,0x00000000eb500000,0x00000000eb500000)
  to   space 3072K, 0% used [0x00000000ebb00000,0x00000000ebb00000,0x00000000ebe00000)
 ParOldGen       total 61952K, used 2736K [0x00000000c0000000, 0x00000000c3c80000, 0x00000000eab00000)
  object space 61952K, 4% used [0x00000000c0000000,0x00000000c02ac028,0x00000000c3c80000)
 Metaspace       used 5214K, capacity 6576K, committed 6784K, reserved 1056768K
  class space    used 540K, capacity 616K, committed 640K, reserved 1048576K
Event: 1,881 GC heap after
Heap after GC invocations=10 (full 0):
 PSYoungGen      total 16384K, used 2400K [0x00000000eab00000, 0x00000000ebe00000, 0x0000000100000000)
  eden space 13312K, 0% used [0x00000000eab00000,0x00000000eab00000,0x00000000eb800000)
  from space 3072K, 78% used [0x00000000ebb00000,0x00000000ebd58010,0x00000000ebe00000)
  to   space 3072K, 0% used [0x00000000eb800000,0x00000000eb800000,0x00000000ebb00000)
 ParOldGen       total 61952K, used 3716K [0x00000000c0000000, 0x00000000c3c80000, 0x00000000eab00000)
  object space 61952K, 5% used [0x00000000c0000000,0x00000000c03a11c8,0x00000000c3c80000)
 Metaspace       used 5214K, capacity 6576K, committed 6784K, reserved 1056768K
  class space    used 540K, capacity 616K, committed 640K, reserved 1048576K
}
Event: 2,208 GC heap before
{Heap before GC invocations=11 (full 0):
 PSYoungGen      total 16384K, used 15712K [0x00000000eab00000, 0x00000000ebe00000, 0x0000000100000000)
  eden space 13312K, 100% used [0x00000000eab00000,0x00000000eb800000,0x00000000eb800000)
  from space 3072K, 78% used [0x00000000ebb00000,0x00000000ebd58010,0x00000000ebe00000)
  to   space 3072K, 0% used [0x00000000eb800000,0x00000000eb800000,0x00000000ebb00000)
 ParOldGen       total 61952K, used 3716K [0x00000000c0000000, 0x00000000c3c80000, 0x00000000eab00000)
  object space 61952K, 5% used [0x00000000c0000000,0x00000000c03a11c8,0x00000000c3c80000)
 Metaspace       used 5259K, capacity 6640K, committed 6784K, reserved 1056768K
  class space    used 540K, capacity 616K, committed 640K, reserved 1048576K
Event: 2,241 GC heap after
Heap after GC invocations=11 (full 0):
 PSYoungGen      total 16384K, used 2080K [0x00000000eab00000, 0x00000000ec600000, 0x0000000100000000)
  eden space 13312K, 0% used [0x00000000eab00000,0x00000000eab00000,0x00000000eb800000)
  from space 3072K, 67% used [0x00000000eb800000,0x00000000eba08000,0x00000000ebb00000)
  to   space 3072K, 0% used [0x00000000ec300000,0x00000000ec300000,0x00000000ec600000)
 ParOldGen       total 61952K, used 5985K [0x00000000c0000000, 0x00000000c3c80000, 0x00000000eab00000)
  object space 61952K, 9% used [0x00000000c0000000,0x00000000c05d8678,0x00000000c3c80000)
 Metaspace       used 5259K, capacity 6640K, committed 6784K, reserved 1056768K
  class space    used 540K, capacity 616K, committed 640K, reserved 1048576K
}
Event: 2,470 GC heap before
{Heap before GC invocations=12 (full 0):
 PSYoungGen      total 16384K, used 15392K [0x00000000eab00000, 0x00000000ec600000, 0x0000000100000000)
  eden space 13312K, 100% used [0x00000000eab00000,0x00000000eb800000,0x00000000eb800000)
  from space 3072K, 67% used [0x00000000eb800000,0x00000000eba08000,0x00000000ebb00000)
  to   space 3072K, 0% used [0x00000000ec300000,0x00000000ec300000,0x00000000ec600000)
 ParOldGen       total 61952K, used 5985K [0x00000000c0000000, 0x00000000c3c80000, 0x00000000eab00000)
  object space 61952K, 9% used [0x00000000c0000000,0x00000000c05d8678,0x00000000c3c80000)
 Metaspace       used 5282K, capacity 6640K, committed 6784K, reserved 1056768K
  class space    used 541K, capacity 616K, committed 640K, reserved 1048576K
Event: 2,501 GC heap after
Heap after GC invocations=12 (full 0):
 PSYoungGen      total 24064K, used 2112K [0x00000000eab00000, 0x00000000ec700000, 0x0000000100000000)
  eden space 20992K, 0% used [0x00000000eab00000,0x00000000eab00000,0x00000000ebf80000)
  from space 3072K, 68% used [0x00000000ec300000,0x00000000ec510010,0x00000000ec600000)
  to   space 3584K, 0% used [0x00000000ebf80000,0x00000000ebf80000,0x00000000ec300000)
 ParOldGen       total 61952K, used 7917K [0x00000000c0000000, 0x00000000c3c80000, 0x00000000eab00000)
  object space 61952K, 12% used [0x00000000c0000000,0x00000000c07bb710,0x00000000c3c80000)
 Metaspace       used 5282K, capacity 6640K, committed 6784K, reserved 1056768K
  class space    used 541K, capacity 616K, committed 640K, reserved 1048576K
}
Event: 33,488 GC heap before
{Heap before GC invocations=13 (full 0):
 PSYoungGen      total 24064K, used 23104K [0x00000000eab00000, 0x00000000ec700000, 0x0000000100000000)
  eden space 20992K, 100% used [0x00000000eab00000,0x00000000ebf80000,0x00000000ebf80000)
  from space 3072K, 68% used [0x00000000ec300000,0x00000000ec510010,0x00000000ec600000)
  to   space 3584K, 0% used [0x00000000ebf80000,0x00000000ebf80000,0x00000000ec300000)
 ParOldGen       total 61952K, used 7917K [0x00000000c0000000, 0x00000000c3c80000, 0x00000000eab00000)
  object space 61952K, 12% used [0x00000000c0000000,0x00000000c07bb710,0x00000000c3c80000)
 Metaspace       used 5571K, capacity 6832K, committed 7040K, reserved 1056768K
  class space    used 564K, capacity 616K, committed 640K, reserved 1048576K

Deoptimization events (8 events):
Event: 1,286 Thread 0x00007f31d800a000 Uncommon trap: reason=unreached action=reinterpret pc=0x00007f31c934dee4 method=com.android.dx.rop.code.LocalItem.hashCode()I @ 25
Event: 2,032 Thread 0x00007f31d800a000 Uncommon trap: reason=unreached action=reinterpret pc=0x00007f31c92df1dc method=com.android.dx.rop.cst.Constant.compareTo(Lcom/android/dx/rop/cst/Constant;)I @ 12
Event: 2,324 Thread 0x00007f31d800a000 Uncommon trap: reason=unreached action=reinterpret pc=0x00007f31c9433c1c method=com.android.dx.ssa.SsaMethod.updateOneDefinition(Lcom/android/dx/ssa/SsaInsn;Lcom/android/dx/rop/code/RegisterSpec;)V @ 4
Event: 2,763 Thread 0x00007f31d800a000 Uncommon trap: reason=bimorphic action=maybe_recompile pc=0x00007f31c9246208 method=java.util.HashMap.getNode(ILjava/lang/Object;)Ljava/util/HashMap$Node; @ 126
Event: 2,770 Thread 0x00007f31d800a000 Uncommon trap: reason=bimorphic action=maybe_recompile pc=0x00007f31c9246208 method=java.util.HashMap.getNode(ILjava/lang/Object;)Ljava/util/HashMap$Node; @ 126
Event: 2,770 Thread 0x00007f31d800a000 Uncommon trap: reason=bimorphic action=maybe_recompile pc=0x00007f31c9246208 method=java.util.HashMap.getNode(ILjava/lang/Object;)Ljava/util/HashMap$Node; @ 126
Event: 2,770 Thread 0x00007f31d800a000 Uncommon trap: reason=bimorphic action=maybe_recompile pc=0x00007f31c9246208 method=java.util.HashMap.getNode(ILjava/lang/Object;)Ljava/util/HashMap$Node; @ 126
Event: 2,770 Thread 0x00007f31d800a000 Uncommon trap: reason=bimorphic action=maybe_recompile pc=0x00007f31c921f178 method=java.util.HashMap.getNode(ILjava/lang/Object;)Ljava/util/HashMap$Node; @ 126

Internal exceptions (10 events):
Event: 3,250 Thread 0x00007f31d800a000 Exception <a 'java/security/PrivilegedActionException'> (0x00000000ebb82958) thrown at [/HUDSON/workspace/8-2-build-linux-amd64/jdk8u5/2488/hotspot/src/share/vm/prims/jvm.cpp, line 1248]
Event: 3,252 Thread 0x00007f31d800a000 Exception <a 'java/security/PrivilegedActionException'> (0x00000000ebb87f18) thrown at [/HUDSON/workspace/8-2-build-linux-amd64/jdk8u5/2488/hotspot/src/share/vm/prims/jvm.cpp, line 1248]
Event: 3,255 Thread 0x00007f31d800a000 Exception <a 'java/security/PrivilegedActionException'> (0x00000000ebb8af90) thrown at [/HUDSON/workspace/8-2-build-linux-amd64/jdk8u5/2488/hotspot/src/share/vm/prims/jvm.cpp, line 1248]
Event: 3,255 Thread 0x00007f31d800a000 Exception <a 'java/security/PrivilegedActionException'> (0x00000000ebb8dca8) thrown at [/HUDSON/workspace/8-2-build-linux-amd64/jdk8u5/2488/hotspot/src/share/vm/prims/jvm.cpp, line 1248]
Event: 3,862 Thread 0x00007f31d800a000 Exception <a 'java/security/PrivilegedActionException'> (0x00000000ebd590a8) thrown at [/HUDSON/workspace/8-2-build-linux-amd64/jdk8u5/2488/hotspot/src/share/vm/prims/jvm.cpp, line 1248]
Event: 4,181 Thread 0x00007f31d800a000 Exception <a 'java/security/PrivilegedActionException'> (0x00000000ebd64708) thrown at [/HUDSON/workspace/8-2-build-linux-amd64/jdk8u5/2488/hotspot/src/share/vm/prims/jvm.cpp, line 1248]
Event: 7,836 Thread 0x00007f31d800a000 Exception <a 'java/security/PrivilegedActionException'> (0x00000000ebd66ff0) thrown at [/HUDSON/workspace/8-2-build-linux-amd64/jdk8u5/2488/hotspot/src/share/vm/prims/jvm.cpp, line 1248]
Event: 22,150 Thread 0x00007f31d800a000 Exception <a 'java/security/PrivilegedActionException'> (0x00000000ebf06218) thrown at [/HUDSON/workspace/8-2-build-linux-amd64/jdk8u5/2488/hotspot/src/share/vm/prims/jvm.cpp, line 1248]
Event: 31,213 Thread 0x00007f31d800a000 Exception <a 'java/security/PrivilegedActionException'> (0x00000000ebf7b100) thrown at [/HUDSON/workspace/8-2-build-linux-amd64/jdk8u5/2488/hotspot/src/share/vm/prims/jvm.cpp, line 1248]
Event: 33,480 Thread 0x00007f31d800a000 Exception <a 'java/security/PrivilegedActionException'> (0x00000000ebf7fc70) thrown at [/HUDSON/workspace/8-2-build-linux-amd64/jdk8u5/2488/hotspot/src/share/vm/prims/jvm.cpp, line 1248]

Events (10 events):
Event: 4,601 Executing VM operation: EnableBiasedLocking done
Event: 7,583 loading class com/android/dx/dex/file/DebugInfoEncoder$2
Event: 7,628 loading class com/android/dx/dex/file/DebugInfoEncoder$2 done
Event: 22,136 loading class com/android/dex/EncodedValueCodec
Event: 22,144 loading class com/android/dex/EncodedValueCodec done
Event: 30,945 loading class com/android/dx/dex/file/MapItem
Event: 30,961 loading class com/android/dx/dex/file/MapItem done
Event: 33,470 loading class com/android/dx/dex/file/UniformListItem
Event: 33,473 loading class com/android/dx/dex/file/UniformListItem done
Event: 33,485 Executing VM operation: ParallelGCFailedAllocation


Dynamic libraries:
00400000-00401000 r-xp 00000000 08:01 524338                             /opt/jdk1.8.0_05/bin/java
00600000-00601000 rw-p 00000000 08:01 524338                             /opt/jdk1.8.0_05/bin/java
025b2000-025d3000 rw-p 00000000 00:00 0                                  [heap]
c0000000-c3c80000 rw-p 00000000 00:00 0 
c3c80000-eab00000 ---p 00000000 00:00 0 
eab00000-ec700000 rw-p 00000000 00:00 0 
ed300000-100000000 ---p 00000000 00:00 0 
100000000-1000a0000 rw-p 00000000 00:00 0 
1000a0000-140000000 ---p 00000000 00:00 0 
7f3198000000-7f3198021000 rw-p 00000000 00:00 0 
7f3198021000-7f319c000000 ---p 00000000 00:00 0 
7f31a0000000-7f31a04d6000 rw-p 00000000 00:00 0 
7f31a04d6000-7f31a4000000 ---p 00000000 00:00 0 
7f31a4000000-7f31a4021000 rw-p 00000000 00:00 0 
7f31a4021000-7f31a8000000 ---p 00000000 00:00 0 
7f31a8000000-7f31a8021000 rw-p 00000000 00:00 0 
7f31a8021000-7f31ac000000 ---p 00000000 00:00 0 
7f31ac000000-7f31ac7ab000 rw-p 00000000 00:00 0 
7f31ac7ab000-7f31b0000000 ---p 00000000 00:00 0 
7f31b0000000-7f31b0021000 rw-p 00000000 00:00 0 
7f31b0021000-7f31b4000000 ---p 00000000 00:00 0 
7f31b4000000-7f31b4021000 rw-p 00000000 00:00 0 
7f31b4021000-7f31b8000000 ---p 00000000 00:00 0 
7f31b8000000-7f31b8021000 rw-p 00000000 00:00 0 
7f31b8021000-7f31bc000000 ---p 00000000 00:00 0 
7f31bc000000-7f31bc279000 rw-p 00000000 00:00 0 
7f31bc279000-7f31c0000000 ---p 00000000 00:00 0 
7f31c0000000-7f31c0021000 rw-p 00000000 00:00 0 
7f31c0021000-7f31c4000000 ---p 00000000 00:00 0 
7f31c420c000-7f31c4232000 r--p 00000000 08:01 12589966                   /usr/share/locale-langpack/de/LC_MESSAGES/libc.mo
7f31c4232000-7f31c4233000 ---p 00000000 00:00 0 
7f31c4233000-7f31c4333000 rw-p 00000000 00:00 0                          [stack:18186]
7f31c4333000-7f31c4336000 ---p 00000000 00:00 0 
7f31c4336000-7f31c4434000 rw-p 00000000 00:00 0                          [stack:18185]
7f31c4434000-7f31c4437000 ---p 00000000 00:00 0 
7f31c4437000-7f31c4535000 rw-p 00000000 00:00 0                          [stack:18184]
7f31c4535000-7f31c4538000 ---p 00000000 00:00 0 
7f31c4538000-7f31c4636000 rw-p 00000000 00:00 0                          [stack:18183]
7f31c4636000-7f31c4639000 ---p 00000000 00:00 0 
7f31c4639000-7f31c4737000 rw-p 00000000 00:00 0                          [stack:18182]
7f31c4737000-7f31c5107000 r--p 00000000 08:01 8407776                    /usr/lib/locale/locale-archive
7f31c5107000-7f31c510a000 ---p 00000000 00:00 0 
7f31c510a000-7f31c5208000 rw-p 00000000 00:00 0                          [stack:18181]
7f31c5208000-7f31c520b000 ---p 00000000 00:00 0 
7f31c520b000-7f31c5309000 rw-p 00000000 00:00 0                          [stack:18180]
7f31c5309000-7f31c530a000 ---p 00000000 00:00 0 
7f31c530a000-7f31c5d13000 rw-p 00000000 00:00 0                          [stack:18179]
7f31c5d13000-7f31c5ee8000 r--s 03c4d000 08:01 525741                     /opt/jdk1.8.0_05/jre/lib/rt.jar
7f31c5ee8000-7f31c6528000 rw-p 00000000 00:00 0 
7f31c6528000-7f31c66e8000 ---p 00000000 00:00 0 
7f31c66e8000-7f31c88e8000 rw-p 00000000 00:00 0 
7f31c88e8000-7f31c88e9000 ---p 00000000 00:00 0 
7f31c88e9000-7f31c89e9000 rw-p 00000000 00:00 0                          [stack:18178]
7f31c89e9000-7f31c89ea000 ---p 00000000 00:00 0 
7f31c89ea000-7f31c8b09000 rw-p 00000000 00:00 0                          [stack:18177]
7f31c8b09000-7f31c8c40000 ---p 00000000 00:00 0 
7f31c8c40000-7f31c8c58000 rw-p 00000000 00:00 0 
7f31c8c58000-7f31c9000000 ---p 00000000 00:00 0 
7f31c9000000-7f31c95e0000 rwxp 00000000 00:00 0 
7f31c95e0000-7f31d8000000 ---p 00000000 00:00 0 
7f31d8000000-7f31d83ff000 rw-p 00000000 00:00 0 
7f31d83ff000-7f31dc000000 ---p 00000000 00:00 0 
7f31dc00f000-7f31dc0a4000 rw-p 00000000 00:00 0 
7f31dc0a4000-7f31dc1da000 ---p 00000000 00:00 0 
7f31dc1da000-7f31dc1e9000 rw-p 00000000 00:00 0 
7f31dc1e9000-7f31dc285000 ---p 00000000 00:00 0 
7f31dc285000-7f31dc286000 rw-p 00000000 00:00 0 
7f31dc286000-7f31dc2a2000 r-xp 00000000 08:01 525935                     /opt/jdk1.8.0_05/jre/lib/amd64/libzip.so
7f31dc2a2000-7f31dc4a1000 ---p 0001c000 08:01 525935                     /opt/jdk1.8.0_05/jre/lib/amd64/libzip.so
7f31dc4a1000-7f31dc4a2000 rw-p 0001b000 08:01 525935                     /opt/jdk1.8.0_05/jre/lib/amd64/libzip.so
7f31dc4a2000-7f31dc4ad000 r-xp 00000000 08:01 16002795                   /lib/x86_64-linux-gnu/libnss_files-2.19.so
7f31dc4ad000-7f31dc6ac000 ---p 0000b000 08:01 16002795                   /lib/x86_64-linux-gnu/libnss_files-2.19.so
7f31dc6ac000-7f31dc6ad000 r--p 0000a000 08:01 16002795                   /lib/x86_64-linux-gnu/libnss_files-2.19.so
7f31dc6ad000-7f31dc6ae000 rw-p 0000b000 08:01 16002795                   /lib/x86_64-linux-gnu/libnss_files-2.19.so
7f31dc6ae000-7f31dc6b9000 r-xp 00000000 08:01 16002792                   /lib/x86_64-linux-gnu/libnss_nis-2.19.so
7f31dc6b9000-7f31dc8b8000 ---p 0000b000 08:01 16002792                   /lib/x86_64-linux-gnu/libnss_nis-2.19.so
7f31dc8b8000-7f31dc8b9000 r--p 0000a000 08:01 16002792                   /lib/x86_64-linux-gnu/libnss_nis-2.19.so
7f31dc8b9000-7f31dc8ba000 rw-p 0000b000 08:01 16002792                   /lib/x86_64-linux-gnu/libnss_nis-2.19.so
7f31dc8ba000-7f31dc8d1000 r-xp 00000000 08:01 16002786                   /lib/x86_64-linux-gnu/libnsl-2.19.so
7f31dc8d1000-7f31dcad0000 ---p 00017000 08:01 16002786                   /lib/x86_64-linux-gnu/libnsl-2.19.so
7f31dcad0000-7f31dcad1000 r--p 00016000 08:01 16002786                   /lib/x86_64-linux-gnu/libnsl-2.19.so
7f31dcad1000-7f31dcad2000 rw-p 00017000 08:01 16002786                   /lib/x86_64-linux-gnu/libnsl-2.19.so
7f31dcad2000-7f31dcad4000 rw-p 00000000 00:00 0 
7f31dcad4000-7f31dcadd000 r-xp 00000000 08:01 16002783                   /lib/x86_64-linux-gnu/libnss_compat-2.19.so
7f31dcadd000-7f31dccdc000 ---p 00009000 08:01 16002783                   /lib/x86_64-linux-gnu/libnss_compat-2.19.so
7f31dccdc000-7f31dccdd000 r--p 00008000 08:01 16002783                   /lib/x86_64-linux-gnu/libnss_compat-2.19.so
7f31dccdd000-7f31dccde000 rw-p 00009000 08:01 16002783                   /lib/x86_64-linux-gnu/libnss_compat-2.19.so
7f31dccde000-7f31dcd08000 r-xp 00000000 08:01 525930                     /opt/jdk1.8.0_05/jre/lib/amd64/libjava.so
7f31dcd08000-7f31dcf08000 ---p 0002a000 08:01 525930                     /opt/jdk1.8.0_05/jre/lib/amd64/libjava.so
7f31dcf08000-7f31dcf0a000 rw-p 0002a000 08:01 525930                     /opt/jdk1.8.0_05/jre/lib/amd64/libjava.so
7f31dcf0a000-7f31dcf17000 r-xp 00000000 08:01 525934                     /opt/jdk1.8.0_05/jre/lib/amd64/libverify.so
7f31dcf17000-7f31dd117000 ---p 0000d000 08:01 525934                     /opt/jdk1.8.0_05/jre/lib/amd64/libverify.so
7f31dd117000-7f31dd119000 rw-p 0000d000 08:01 525934                     /opt/jdk1.8.0_05/jre/lib/amd64/libverify.so
7f31dd119000-7f31dd120000 r-xp 00000000 08:01 16002778                   /lib/x86_64-linux-gnu/librt-2.19.so
7f31dd120000-7f31dd31f000 ---p 00007000 08:01 16002778                   /lib/x86_64-linux-gnu/librt-2.19.so
7f31dd31f000-7f31dd320000 r--p 00006000 08:01 16002778                   /lib/x86_64-linux-gnu/librt-2.19.so
7f31dd320000-7f31dd321000 rw-p 00007000 08:01 16002778                   /lib/x86_64-linux-gnu/librt-2.19.so
7f31dd321000-7f31dd426000 r-xp 00000000 08:01 16002785                   /lib/x86_64-linux-gnu/libm-2.19.so
7f31dd426000-7f31dd625000 ---p 00105000 08:01 16002785                   /lib/x86_64-linux-gnu/libm-2.19.so
7f31dd625000-7f31dd626000 r--p 00104000 08:01 16002785                   /lib/x86_64-linux-gnu/libm-2.19.so
7f31dd626000-7f31dd627000 rw-p 00105000 08:01 16002785                   /lib/x86_64-linux-gnu/libm-2.19.so
7f31dd627000-7f31de241000 r-xp 00000000 08:01 525916                     /opt/jdk1.8.0_05/jre/lib/amd64/server/libjvm.so
7f31de241000-7f31de440000 ---p 00c1a000 08:01 525916                     /opt/jdk1.8.0_05/jre/lib/amd64/server/libjvm.so
7f31de440000-7f31de509000 rw-p 00c19000 08:01 525916                     /opt/jdk1.8.0_05/jre/lib/amd64/server/libjvm.so
7f31de509000-7f31de54a000 rw-p 00000000 00:00 0 
7f31de54a000-7f31de705000 r-xp 00000000 08:01 16002777                   /lib/x86_64-linux-gnu/libc-2.19.so
7f31de705000-7f31de905000 ---p 001bb000 08:01 16002777                   /lib/x86_64-linux-gnu/libc-2.19.so
7f31de905000-7f31de909000 r--p 001bb000 08:01 16002777                   /lib/x86_64-linux-gnu/libc-2.19.so
7f31de909000-7f31de90b000 rw-p 001bf000 08:01 16002777                   /lib/x86_64-linux-gnu/libc-2.19.so
7f31de90b000-7f31de910000 rw-p 00000000 00:00 0 
7f31de910000-7f31de913000 r-xp 00000000 08:01 16002781                   /lib/x86_64-linux-gnu/libdl-2.19.so
7f31de913000-7f31deb12000 ---p 00003000 08:01 16002781                   /lib/x86_64-linux-gnu/libdl-2.19.so
7f31deb12000-7f31deb13000 r--p 00002000 08:01 16002781                   /lib/x86_64-linux-gnu/libdl-2.19.so
7f31deb13000-7f31deb14000 rw-p 00003000 08:01 16002781                   /lib/x86_64-linux-gnu/libdl-2.19.so
7f31deb14000-7f31deb2b000 r-xp 00000000 08:01 525557                     /opt/jdk1.8.0_05/lib/amd64/jli/libjli.so
7f31deb2b000-7f31ded2a000 ---p 00017000 08:01 525557                     /opt/jdk1.8.0_05/lib/amd64/jli/libjli.so
7f31ded2a000-7f31ded2b000 rw-p 00016000 08:01 525557                     /opt/jdk1.8.0_05/lib/amd64/jli/libjli.so
7f31ded2b000-7f31ded44000 r-xp 00000000 08:01 16002794                   /lib/x86_64-linux-gnu/libpthread-2.19.so
7f31ded44000-7f31def43000 ---p 00019000 08:01 16002794                   /lib/x86_64-linux-gnu/libpthread-2.19.so
7f31def43000-7f31def44000 r--p 00018000 08:01 16002794                   /lib/x86_64-linux-gnu/libpthread-2.19.so
7f31def44000-7f31def45000 rw-p 00019000 08:01 16002794                   /lib/x86_64-linux-gnu/libpthread-2.19.so
7f31def45000-7f31def49000 rw-p 00000000 00:00 0 
7f31def49000-7f31def6c000 r-xp 00000000 08:01 15991001                   /lib/x86_64-linux-gnu/ld-2.19.so
7f31def86000-7f31df030000 rw-p 00000000 00:00 0 
7f31df030000-7f31df033000 ---p 00000000 00:00 0 
7f31df033000-7f31df136000 rw-p 00000000 00:00 0                          [stack:18176]
7f31df136000-7f31df13d000 r--s 00000000 08:01 8931252                    /usr/lib/x86_64-linux-gnu/gconv/gconv-modules.cache
7f31df13d000-7f31df14b000 r--s 000b4000 08:01 2884729                    /opt/android-sdk/build-tools/20.0.0/lib/dx.jar
7f31df14b000-7f31df15f000 rw-p 00000000 00:00 0 
7f31df15f000-7f31df167000 rw-s 00000000 00:13 2130247                    /tmp/hsperfdata_mblank/18168
7f31df167000-7f31df168000 rw-p 00000000 00:00 0 
7f31df168000-7f31df169000 ---p 00000000 00:00 0 
7f31df169000-7f31df16b000 rw-p 00000000 00:00 0 
7f31df16b000-7f31df16c000 r--p 00022000 08:01 15991001                   /lib/x86_64-linux-gnu/ld-2.19.so
7f31df16c000-7f31df16d000 rw-p 00023000 08:01 15991001                   /lib/x86_64-linux-gnu/ld-2.19.so
7f31df16d000-7f31df16e000 rw-p 00000000 00:00 0 
7fff264d8000-7fff264fa000 rw-p 00000000 00:00 0                          [stack]
7fff26541000-7fff26543000 r-xp 00000000 00:00 0                          [vdso]
ffffffffff600000-ffffffffff601000 r-xp 00000000 00:00 0                  [vsyscall]

VM Arguments:
jvm_args: -Xmx1024M 
java_command: /opt/android-sdk/build-tools/20.0.0/lib/dx.jar --dex --output /home/mblank/AndroidstudioProjects/ItopEnterprise/app/build/intermediates/pre-dexed/debug/internal_impl-21.0.0-6c029b0e2e615b994062b9ae8f5537ef7465df60.jar /home/mblank/AndroidstudioProjects/ItopEnterprise/app/build/intermediates/exploded-aar/com.android.support/support-v4/21.0.0/libs/internal_impl-21.0.0.jar
java_class_path (initial): /opt/android-sdk/build-tools/20.0.0/lib/dx.jar
Launcher Type: SUN_STANDARD

Environment Variables:
CLASSPATH=/opt/android-studio/bin/../lib/bootstrap.jar:/opt/android-studio/bin/../lib/extensions.jar:/opt/android-studio/bin/../lib/util.jar:/opt/android-studio/bin/../lib/jdom.jar:/opt/android-studio/bin/../lib/log4j.jar:/opt/android-studio/bin/../lib/trove4j.jar:/opt/android-studio/bin/../lib/jna.jar:/opt/jdk1.8.0_05/lib/tools.jar
PATH=/home/mblank/bin:/usr/local/sbin:/usr/local/bin:/usr/sbin:/usr/bin:/sbin:/bin:/usr/games:/usr/local/games:/opt/android-sdk/tools:/opt/android-sdk/platform-tools/:/home/mblank/fdroid/fdroidserver/:/opt/android-studio/bin/
LD_LIBRARY_PATH=/opt/android-studio/bin:
SHELL=/bin/bash
DISPLAY=:0

Signal Handlers:
SIGSEGV: [libjvm.so+0xa2fc90], sa_mask[0]=0x7ffbfeff, sa_flags=0x10000004
SIGBUS: [libjvm.so+0xa2fc90], sa_mask[0]=0x7ffbfeff, sa_flags=0x10000004
SIGFPE: [libjvm.so+0x89b4b0], sa_mask[0]=0x7ffbfeff, sa_flags=0x10000004
SIGPIPE: [libjvm.so+0x89b4b0], sa_mask[0]=0x7ffbfeff, sa_flags=0x10000004
SIGXFSZ: [libjvm.so+0x89b4b0], sa_mask[0]=0x7ffbfeff, sa_flags=0x10000004
SIGILL: [libjvm.so+0x89b4b0], sa_mask[0]=0x7ffbfeff, sa_flags=0x10000004
SIGUSR1: SIG_DFL, sa_mask[0]=0x00000000, sa_flags=0x00000000
SIGUSR2: [libjvm.so+0x89cc50], sa_mask[0]=0x00000004, sa_flags=0x10000004
SIGHUP: [libjvm.so+0x89df00], sa_mask[0]=0x7ffbfeff, sa_flags=0x10000004
SIGINT: [libjvm.so+0x89df00], sa_mask[0]=0x7ffbfeff, sa_flags=0x10000004
SIGTERM: [libjvm.so+0x89df00], sa_mask[0]=0x7ffbfeff, sa_flags=0x10000004
SIGQUIT: [libjvm.so+0x89df00], sa_mask[0]=0x7ffbfeff, sa_flags=0x10000004


---------------  S Y S T E M  ---------------

OS:DISTRIB_ID=Ubuntu
DISTRIB_RELEASE=14.04
DISTRIB_CODENAME=trusty
DISTRIB_DESCRIPTION="Ubuntu 14.04.2 LTS"

uname:Linux 3.13.0-45-generic #74-Ubuntu SMP Tue Jan 13 19:36:28 UTC 2015 x86_64
libc:glibc 2.19 NPTL 2.19 
rlimit: STACK 8192k, CORE 0k, NPROC 30850, NOFILE 4096, AS infinity
load average:9,37 3,08 1,73

/proc/meminfo:
MemTotal:        3978136 kB
MemFree:           93432 kB
Buffers:             216 kB
Cached:            70380 kB
SwapCached:            0 kB
Active:          3566100 kB
Inactive:          66864 kB
Active(anon):    3563896 kB
Inactive(anon):    64880 kB
Active(file):       2204 kB
Inactive(file):     1984 kB
Unevictable:          68 kB
Mlocked:              68 kB
SwapTotal:             0 kB
SwapFree:              0 kB
Dirty:                20 kB
Writeback:             0 kB
AnonPages:       3562660 kB
Mapped:           126072 kB
Shmem:             66184 kB
Slab:              89188 kB
SReclaimable:      35888 kB
SUnreclaim:        53300 kB
KernelStack:        4856 kB
PageTables:        42164 kB
NFS_Unstable:          0 kB
Bounce:                0 kB
WritebackTmp:          0 kB
CommitLimit:     1989068 kB
Committed_AS:    7422524 kB
VmallocTotal:   34359738367 kB
VmallocUsed:      111984 kB
VmallocChunk:   34359622140 kB
HardwareCorrupted:     0 kB
AnonHugePages:   1683456 kB
HugePages_Total:       0
HugePages_Free:        0
HugePages_Rsvd:        0
HugePages_Surp:        0
Hugepagesize:       2048 kB
DirectMap4k:      302796 kB
DirectMap2M:     3821568 kB


CPU:total 2 (2 cores per cpu, 1 threads per core) family 6 model 23 stepping 10, cmov, cx8, fxsr, mmx, sse, sse2, sse3, ssse3, sse4.1, tsc

/proc/cpuinfo:
processor	: 0
vendor_id	: GenuineIntel
cpu family	: 6
model		: 23
model name	: Intel(R) Core(TM)2 Duo CPU     E8400  @ 3.00GHz
stepping	: 10
microcode	: 0xa07
cpu MHz		: 3000.000
cache size	: 6144 KB
physical id	: 0
siblings	: 2
core id		: 0
cpu cores	: 2
apicid		: 0
initial apicid	: 0
fpu		: yes
fpu_exception	: yes
cpuid level	: 13
wp		: yes
flags		: fpu vme de pse tsc msr pae mce cx8 apic sep mtrr pge mca cmov pat pse36 clflush dts acpi mmx fxsr sse sse2 ss ht tm pbe syscall nx lm constant_tsc arch_perfmon pebs bts rep_good nopl aperfmperf pni dtes64 monitor ds_cpl vmx smx est tm2 ssse3 cx16 xtpr pdcm sse4_1 xsave lahf_lm dtherm tpr_shadow vnmi flexpriority
bogomips	: 5985.01
clflush size	: 64
cache_alignment	: 64
address sizes	: 36 bits physical, 48 bits virtual
power management:

processor	: 1
vendor_id	: GenuineIntel
cpu family	: 6
model		: 23
model name	: Intel(R) Core(TM)2 Duo CPU     E8400  @ 3.00GHz
stepping	: 10
microcode	: 0xa07
cpu MHz		: 3000.000
cache size	: 6144 KB
physical id	: 0
siblings	: 2
core id		: 1
cpu cores	: 2
apicid		: 1
initial apicid	: 1
fpu		: yes
fpu_exception	: yes
cpuid level	: 13
wp		: yes
flags		: fpu vme de pse tsc msr pae mce cx8 apic sep mtrr pge mca cmov pat pse36 clflush dts acpi mmx fxsr sse sse2 ss ht tm pbe syscall nx lm constant_tsc arch_perfmon pebs bts rep_good nopl aperfmperf pni dtes64 monitor ds_cpl vmx smx est tm2 ssse3 cx16 xtpr pdcm sse4_1 xsave lahf_lm dtherm tpr_shadow vnmi flexpriority
bogomips	: 5985.01
clflush size	: 64
cache_alignment	: 64
address sizes	: 36 bits physical, 48 bits virtual
power management:



Memory: 4k page, physical 3978136k(92644k free), swap 0k(0k free)

vm_info: Java HotSpot(TM) 64-Bit Server VM (25.5-b02) for linux-amd64 JRE (1.8.0_05-b13), built on Mar 18 2014 00:29:27 by "java_re" with gcc 4.3.0 20080428 (Red Hat 4.3.0-8)

time: Mon Feb 23 10:00:14 2015
elapsed time: 34 seconds

